<?xml version="1.0" encoding="utf-8"?>
<TestRun id="6b56eaed-475b-4157-8081-bea97aceeae5" name="ASUS@LAPTOP-OVJCF5S1 2026-04-25 21:07:21" runUser="LAPTOP-OVJCF5S1\ASUS" xmlns="http://microsoft.com/schemas/VisualStudio/TeamTest/2010">
  <Times creation="2026-04-25T21:07:21.7511069+07:00" queuing="2026-04-25T21:07:21.7511075+07:00" start="2026-04-25T21:07:01.9887194+07:00" finish="2026-04-25T21:07:21.7856564+07:00" />
  <TestSettings name="default" id="47d122aa-891a-4509-9e18-260ceafd4ac6">
    <Deployment runDeploymentRoot="ASUS_LAPTOP-OVJCF5S1_2026-04-25_21_07_21" />
  </TestSettings>
  <Results>
    <UnitTestResult executionId="e2509190-0d8a-44d7-87a8-8925d363fc11" testId="8153e881-2237-a56d-73b6-ee21bacbb2be" testName="TC02_TimKiem_TuKhoaHopLe" computerName="LAPTOP-OVJCF5S1" duration="00:00:18.5356130" startTime="2026-04-25T21:07:02.9871012+07:00" endTime="2026-04-25T21:07:21.5226427+07:00" testType="13cdc9d9-ddb5-4fa4-a97d-d965ccfc6d4b" outcome="Failed" testListId="8c84fa94-04c1-424b-9868-57a2d4851a1d" relativeResultsDirectory="e2509190-0d8a-44d7-87a8-8925d363fc11">
      <Output>
        <StdOut>[21:07:04] [INFO] Test bắt đầu. FaultInjection=ON&#xD;
[21:07:04] [INFO] Navigate: https://vnexpress.net&#xD;
[21:07:09] [INFO] Wait document ready: navigate to https://vnexpress.net&#xD;
[21:07:10] [INFO] Step screenshot saved: C:\Users\ASUS\Desktop\KiemThuPM\bin\Debug\net6.0\artifacts\selenium-steps\TC02_TimKiem_TuKhoaHopLe_20260425_210702\01_00_home_loaded.png&#xD;
[21:07:10] [INFO] TC02 - Bắt đầu tìm kiếm từ khóa hợp lệ&#xD;
[21:07:10] [INFO] Mở search box cho keyword: bóng đá&#xD;
[21:07:10] [INFO] Validate selector exists [search-toggle] =&gt; By.CssSelector: a.btn-search, .ic-search, [data-role='search-toggle']&#xD;
[21:07:10] [INFO] Wait clickable [search-toggle] =&gt; By.CssSelector: a.btn-search, .ic-search, [data-role='search-toggle']&#xD;
[21:07:12] [INFO] Step screenshot saved: C:\Users\ASUS\Desktop\KiemThuPM\bin\Debug\net6.0\artifacts\selenium-steps\TC02_TimKiem_TuKhoaHopLe_20260425_210702\02_search_box_opened.png&#xD;
[21:07:12] [WARN] Fault injection: selector 'search-input' bị đổi sang selector không tồn tại.&#xD;
[21:07:12] [INFO] Validate selector exists [search-input] =&gt; By.CssSelector: [data-fault-injected='missing-selector']&#xD;
Screenshot saved: C:\Users\ASUS\Desktop\KiemThuPM\bin\Debug\net6.0\artifacts\selenium-failures\TC02_TimKiem_TuKhoaHopLe_20260425_210721.png</StdOut>
        <ErrorInfo>
          <Message>OpenQA.Selenium.WebDriverTimeoutException : Timed out after 8 seconds</Message>
          <StackTrace>   at OpenQA.Selenium.Support.UI.DefaultWait`1.ThrowTimeoutException(String exceptionMessage, Exception lastException)&#xD;
   at OpenQA.Selenium.Support.UI.DefaultWait`1.Until[TResult](Func`2 condition, CancellationToken token)&#xD;
   at OpenQA.Selenium.Support.UI.DefaultWait`1.Until[TResult](Func`2 condition)&#xD;
   at VnExpressSeleniumTests.VnExpressTests.AssertSelectorExists(String selectorName, By selector, Int32 timeoutSeconds) in C:\Users\ASUS\Desktop\KiemThuPM\VnExpressTests.cs:line 294&#xD;
   at VnExpressSeleniumTests.VnExpressTests.OpenSearchAndGetInput(String keywordPreview) in C:\Users\ASUS\Desktop\KiemThuPM\VnExpressTests.cs:line 318&#xD;
   at VnExpressSeleniumTests.VnExpressTests.TC02_TimKiem_TuKhoaHopLe() in C:\Users\ASUS\Desktop\KiemThuPM\VnExpressTests.cs:line 393
</StackTrace>
        </ErrorInfo>
      </Output>
    </UnitTestResult>
  </Results>
  <TestDefinitions>
    <UnitTest name="TC02_TimKiem_TuKhoaHopLe" storage="c:\users\asus\desktop\kiemthupm\bin\debug\net6.0\seleniumvnexpress.dll" id="8153e881-2237-a56d-73b6-ee21bacbb2be">
      <Execution id="e2509190-0d8a-44d7-87a8-8925d363fc11" />
      <TestMethod codeBase="C:\Users\ASUS\Desktop\KiemThuPM\bin\Debug\net6.0\SeleniumVnExpress.dll" adapterTypeName="executor://nunit3testexecutor/" className="VnExpressSeleniumTests.VnExpressTests" name="TC02_TimKiem_TuKhoaHopLe" />
    </UnitTest>
  </TestDefinitions>
  <TestEntries>
    <TestEntry testId="8153e881-2237-a56d-73b6-ee21bacbb2be" executionId="e2509190-0d8a-44d7-87a8-8925d363fc11" testListId="8c84fa94-04c1-424b-9868-57a2d4851a1d" />
  </TestEntries>
  <TestLists>
    <TestList name="Results Not in a List" id="8c84fa94-04c1-424b-9868-57a2d4851a1d" />
    <TestList name="All Loaded Results" id="19431567-8539-422a-85d7-44ee4e166bda" />
  </TestLists>
  <ResultSummary outcome="Failed">
    <Counters total="1" executed="1" passed="0" failed="1" error="0" timeout="0" aborted="0" inconclusive="0" passedButRunAborted="0" notRunnable="0" notExecuted="0" disconnected="0" warning="0" completed="0" inProgress="0" pending="0" />
    <Output>
      <StdOut>NUnit Adapter 4.4.0.0: Test execution started&#xD;
Running selected tests in C:\Users\ASUS\Desktop\KiemThuPM\bin\Debug\net6.0\SeleniumVnExpress.dll&#xD;
   NUnit3TestExecutor discovered 1 of 1 NUnit test cases using Current Discovery mode, Non-Explicit run&#xD;
Starting msedgedriver 146.0.3856.20 (699fe853158741282613629fd8527bae31e47c1f) on port 57937&#xD;
To submit feedback, report a bug, or suggest new features, please visit https://github.com/MicrosoftEdge/EdgeWebDriver&#xD;
Only local connections are allowed.&#xD;
Please see https://aka.ms/WebDriverSecurity for suggestions on keeping Microsoft Edge WebDriver safe.&#xD;
msedgedriver was started successfully on port 57937.&#xD;
[1777126024.134][WARNING]: This version of Microsoft Edge WebDriver has not been tested with Microsoft Edge version 147.&#xD;
NUnit Adapter 4.4.0.0: Test execution complete&#xD;
</StdOut>
    </Output>
    <RunInfos>
      <RunInfo computerName="LAPTOP-OVJCF5S1" outcome="Warning" timestamp="2026-04-25T21:07:21.5587768+07:00">
        <Text>[21:07:04] [INFO] Test bắt đầu. FaultInjection=ON&#xD;
[21:07:04] [INFO] Navigate: https://vnexpress.net&#xD;
[21:07:09] [INFO] Wait document ready: navigate to https://vnexpress.net&#xD;
[21:07:10] [INFO] Step screenshot saved: C:\Users\ASUS\Desktop\KiemThuPM\bin\Debug\net6.0\artifacts\selenium-steps\TC02_TimKiem_TuKhoaHopLe_20260425_210702\01_00_home_loaded.png&#xD;
[21:07:10] [INFO] TC02 - Bắt đầu tìm kiếm từ khóa hợp lệ&#xD;
[21:07:10] [INFO] Mở search box cho keyword: bóng đá&#xD;
[21:07:10] [INFO] Validate selector exists [search-toggle] =&gt; By.CssSelector: a.btn-search, .ic-search, [data-role='search-toggle']&#xD;
[21:07:10] [INFO] Wait clickable [search-toggle] =&gt; By.CssSelector: a.btn-search, .ic-search, [data-role='search-toggle']&#xD;
[21:07:12] [INFO] Step screenshot saved: C:\Users\ASUS\Desktop\KiemThuPM\bin\Debug\net6.0\artifacts\selenium-steps\TC02_TimKiem_TuKhoaHopLe_20260425_210702\02_search_box_opened.png&#xD;
[21:07:12] [WARN] Fault injection: selector 'search-input' bị đổi sang selector không tồn tại.&#xD;
[21:07:12] [INFO] Validate selector exists [search-input] =&gt; By.CssSelector: [data-fault-injected='missing-selector']&#xD;
Screenshot saved: C:\Users\ASUS\Desktop\KiemThuPM\bin\Debug\net6.0\artifacts\selenium-failures\TC02_TimKiem_TuKhoaHopLe_20260425_210721.png&#xD;
</Text>
      </RunInfo>
    </RunInfos>
  </ResultSummary>
</TestRun>