<?xml version="1.0" encoding="utf-8"?>
<TestRun id="ee87f55d-d4b5-448a-bf6a-4b03b97780e9" name="ASUS@LAPTOP-OVJCF5S1 2026-04-25 19:58:18" runUser="LAPTOP-OVJCF5S1\ASUS" xmlns="http://microsoft.com/schemas/VisualStudio/TeamTest/2010">
  <Times creation="2026-04-25T19:58:18.7599844+07:00" queuing="2026-04-25T19:58:18.7599847+07:00" start="2026-04-25T19:58:01.8840443+07:00" finish="2026-04-25T19:58:18.7634939+07:00" />
  <TestSettings name="default" id="eda9532f-04e6-42e9-abfa-c005e5e55154">
    <Deployment runDeploymentRoot="ASUS_LAPTOP-OVJCF5S1_2026-04-25_19_58_18" />
  </TestSettings>
  <Results>
    <UnitTestResult executionId="8b5d6a66-5bd6-4a45-9277-4287305df1a4" testId="9e7e4435-9b53-b424-2e4f-ad29df8fd6ba" testName="TC07_DocBai_ChiTietBaiViet" computerName="LAPTOP-OVJCF5S1" duration="00:00:15.8442170" startTime="2026-04-25T19:58:02.7806120+07:00" endTime="2026-04-25T19:58:18.6247370+07:00" testType="13cdc9d9-ddb5-4fa4-a97d-d965ccfc6d4b" outcome="Passed" testListId="8c84fa94-04c1-424b-9868-57a2d4851a1d" relativeResultsDirectory="8b5d6a66-5bd6-4a45-9277-4287305df1a4">
      <Output>
        <StdOut>Đang click vào bài: Mandala Tây Thiên khai mở cuộn thư pháp 200 mét&#xD;
Link bài viết: https://vnexpress.net/mandala-tay-thien-khai-mo-cuon-thu-phap-200-met-5067117.html&#xD;
[TC07 PASS] Mở bài thành công. Tiêu đề: Mandala Tây Thiên khai mở cuộn thư pháp 200 mét...</StdOut>
      </Output>
    </UnitTestResult>
  </Results>
  <TestDefinitions>
    <UnitTest name="TC07_DocBai_ChiTietBaiViet" storage="c:\users\asus\desktop\kiemthupm\bin\debug\net6.0\seleniumvnexpress.dll" id="9e7e4435-9b53-b424-2e4f-ad29df8fd6ba">
      <Execution id="8b5d6a66-5bd6-4a45-9277-4287305df1a4" />
      <TestMethod codeBase="C:\Users\ASUS\Desktop\KiemThuPM\bin\Debug\net6.0\SeleniumVnExpress.dll" adapterTypeName="executor://nunit3testexecutor/" className="VnExpressSeleniumTests.VnExpressTests" name="TC07_DocBai_ChiTietBaiViet" />
    </UnitTest>
  </TestDefinitions>
  <TestEntries>
    <TestEntry testId="9e7e4435-9b53-b424-2e4f-ad29df8fd6ba" executionId="8b5d6a66-5bd6-4a45-9277-4287305df1a4" testListId="8c84fa94-04c1-424b-9868-57a2d4851a1d" />
  </TestEntries>
  <TestLists>
    <TestList name="Results Not in a List" id="8c84fa94-04c1-424b-9868-57a2d4851a1d" />
    <TestList name="All Loaded Results" id="19431567-8539-422a-85d7-44ee4e166bda" />
  </TestLists>
  <ResultSummary outcome="Completed">
    <Counters total="1" executed="1" passed="1" failed="0" error="0" timeout="0" aborted="0" inconclusive="0" passedButRunAborted="0" notRunnable="0" notExecuted="0" disconnected="0" warning="0" completed="0" inProgress="0" pending="0" />
    <Output>
      <StdOut>NUnit Adapter 4.4.0.0: Test execution started&#xD;
Running selected tests in C:\Users\ASUS\Desktop\KiemThuPM\bin\Debug\net6.0\SeleniumVnExpress.dll&#xD;
   NUnit3TestExecutor discovered 1 of 1 NUnit test cases using Current Discovery mode, Non-Explicit run&#xD;
Starting msedgedriver 146.0.3856.20 (699fe853158741282613629fd8527bae31e47c1f) on port 65337&#xD;
To submit feedback, report a bug, or suggest new features, please visit https://github.com/MicrosoftEdge/EdgeWebDriver&#xD;
Only local connections are allowed.&#xD;
Please see https://aka.ms/WebDriverSecurity for suggestions on keeping Microsoft Edge WebDriver safe.&#xD;
msedgedriver was started successfully on port 65337.&#xD;
[1777121883.594][WARNING]: This version of Microsoft Edge WebDriver has not been tested with Microsoft Edge version 147.&#xD;
NUnit Adapter 4.4.0.0: Test execution complete&#xD;
</StdOut>
    </Output>
    <RunInfos>
      <RunInfo computerName="LAPTOP-OVJCF5S1" outcome="Warning" timestamp="2026-04-25T19:58:18.6376629+07:00">
        <Text>Đang click vào bài: Mandala Tây Thiên khai mở cuộn thư pháp 200 mét&#xD;
Link bài viết: https://vnexpress.net/mandala-tay-thien-khai-mo-cuon-thu-phap-200-met-5067117.html&#xD;
[TC07 PASS] Mở bài thành công. Tiêu đề: Mandala Tây Thiên khai mở cuộn thư pháp 200 mét...&#xD;
</Text>
      </RunInfo>
    </RunInfos>
  </ResultSummary>
</TestRun>