<?xml version="1.0" encoding="utf-8"?>
<TestRun id="a64e163b-611a-41c2-a0af-c1483e19b235" name="ASUS@LAPTOP-OVJCF5S1 2026-04-25 20:25:47" runUser="LAPTOP-OVJCF5S1\ASUS" xmlns="http://microsoft.com/schemas/VisualStudio/TeamTest/2010">
  <Times creation="2026-04-25T20:25:47.9201369+07:00" queuing="2026-04-25T20:25:47.9201373+07:00" start="2026-04-25T20:25:37.9944358+07:00" finish="2026-04-25T20:25:47.9248957+07:00" />
  <TestSettings name="default" id="370b6c55-4b8e-450f-9235-d6fd06cdfaee">
    <Deployment runDeploymentRoot="ASUS_LAPTOP-OVJCF5S1_2026-04-25_20_25_47" />
  </TestSettings>
  <Results>
    <UnitTestResult executionId="05be7842-185a-443b-bdc9-ffa081b223b3" testId="8153e881-2237-a56d-73b6-ee21bacbb2be" testName="TC02_TimKiem_TuKhoaHopLe" computerName="LAPTOP-OVJCF5S1" duration="00:00:09.0920320" startTime="2026-04-25T20:25:38.6384963+07:00" endTime="2026-04-25T20:25:47.7303520+07:00" testType="13cdc9d9-ddb5-4fa4-a97d-d965ccfc6d4b" outcome="Passed" testListId="8c84fa94-04c1-424b-9868-57a2d4851a1d" relativeResultsDirectory="05be7842-185a-443b-bdc9-ffa081b223b3">
      <Output>
        <StdOut>[20:25:39] [INFO] Test bắt đầu. FaultInjection=OFF&#xD;
[20:25:39] [INFO] Navigate: https://vnexpress.net&#xD;
[20:25:39] [INFO] Wait document ready: navigate to https://vnexpress.net&#xD;
[20:25:44] [INFO] Step screenshot saved: C:\Users\ASUS\Desktop\KiemThuPM\bin\Debug\net6.0\artifacts\selenium-steps\TC02_TimKiem_TuKhoaHopLe_20260425_202538\01_00_home_loaded.png&#xD;
[20:25:44] [INFO] TC02 - Bắt đầu tìm kiếm từ khóa hợp lệ&#xD;
[20:25:44] [INFO] Mở search box cho keyword: bóng đá&#xD;
[20:25:44] [INFO] Validate selector exists [search-toggle] =&gt; By.CssSelector: a.btn-search, .ic-search, [data-role='search-toggle']&#xD;
[20:25:44] [INFO] Wait clickable [search-toggle] =&gt; By.CssSelector: a.btn-search, .ic-search, [data-role='search-toggle']&#xD;
[20:25:45] [INFO] Step screenshot saved: C:\Users\ASUS\Desktop\KiemThuPM\bin\Debug\net6.0\artifacts\selenium-steps\TC02_TimKiem_TuKhoaHopLe_20260425_202538\02_search_box_opened.png&#xD;
[20:25:45] [INFO] Validate selector exists [search-input] =&gt; By.CssSelector: input[type='search'], input[name='q'], .search-input&#xD;
[20:25:45] [INFO] Wait visible [search-input] =&gt; By.CssSelector: input[type='search'], input[name='q'], .search-input&#xD;
[20:25:45] [INFO] Step screenshot saved: C:\Users\ASUS\Desktop\KiemThuPM\bin\Debug\net6.0\artifacts\selenium-steps\TC02_TimKiem_TuKhoaHopLe_20260425_202538\03_tc02_keyword_typed.png&#xD;
[20:25:45] [INFO] Wait document ready: TC02 search submit&#xD;
[20:25:45] [INFO] Wait elements [search-result-cards] =&gt; By.CssSelector: article, .item-news, .list-news-subfolder h3, minCount=1&#xD;
[20:25:47] [INFO] Step screenshot saved: C:\Users\ASUS\Desktop\KiemThuPM\bin\Debug\net6.0\artifacts\selenium-steps\TC02_TimKiem_TuKhoaHopLe_20260425_202538\04_tc02_search_results.png&#xD;
[20:25:47] [INFO] [TC02 PASS] Tìm kiếm 'bóng đá' trả về 71 kết quả, relevant=3</StdOut>
      </Output>
    </UnitTestResult>
  </Results>
  <TestDefinitions>
    <UnitTest name="TC02_TimKiem_TuKhoaHopLe" storage="c:\users\asus\desktop\kiemthupm\bin\debug\net6.0\seleniumvnexpress.dll" id="8153e881-2237-a56d-73b6-ee21bacbb2be">
      <Execution id="05be7842-185a-443b-bdc9-ffa081b223b3" />
      <TestMethod codeBase="C:\Users\ASUS\Desktop\KiemThuPM\bin\Debug\net6.0\SeleniumVnExpress.dll" adapterTypeName="executor://nunit3testexecutor/" className="VnExpressSeleniumTests.VnExpressTests" name="TC02_TimKiem_TuKhoaHopLe" />
    </UnitTest>
  </TestDefinitions>
  <TestEntries>
    <TestEntry testId="8153e881-2237-a56d-73b6-ee21bacbb2be" executionId="05be7842-185a-443b-bdc9-ffa081b223b3" testListId="8c84fa94-04c1-424b-9868-57a2d4851a1d" />
  </TestEntries>
  <TestLists>
    <TestList name="Results Not in a List" id="8c84fa94-04c1-424b-9868-57a2d4851a1d" />
    <TestList name="All Loaded Results" id="19431567-8539-422a-85d7-44ee4e166bda" />
  </TestLists>
  <ResultSummary outcome="Completed">
    <Counters total="1" executed="1" passed="1" failed="0" error="0" timeout="0" aborted="0" inconclusive="0" passedButRunAborted="0" notRunnable="0" notExecuted="0" disconnected="0" warning="0" completed="0" inProgress="0" pending="0" />
    <Output>
      <StdOut>NUnit Adapter 4.4.0.0: Test execution started&#xD;
Running selected tests in C:\Users\ASUS\Desktop\KiemThuPM\bin\Debug\net6.0\SeleniumVnExpress.dll&#xD;
   NUnit3TestExecutor discovered 1 of 1 NUnit test cases using Current Discovery mode, Non-Explicit run&#xD;
Starting msedgedriver 146.0.3856.20 (699fe853158741282613629fd8527bae31e47c1f) on port 65148&#xD;
To submit feedback, report a bug, or suggest new features, please visit https://github.com/MicrosoftEdge/EdgeWebDriver&#xD;
Only local connections are allowed.&#xD;
Please see https://aka.ms/WebDriverSecurity for suggestions on keeping Microsoft Edge WebDriver safe.&#xD;
msedgedriver was started successfully on port 65148.&#xD;
[1777123539.317][WARNING]: This version of Microsoft Edge WebDriver has not been tested with Microsoft Edge version 147.&#xD;
NUnit Adapter 4.4.0.0: Test execution complete&#xD;
</StdOut>
    </Output>
    <RunInfos>
      <RunInfo computerName="LAPTOP-OVJCF5S1" outcome="Warning" timestamp="2026-04-25T20:25:47.7671859+07:00">
        <Text>[20:25:39] [INFO] Test bắt đầu. FaultInjection=OFF&#xD;
[20:25:39] [INFO] Navigate: https://vnexpress.net&#xD;
[20:25:39] [INFO] Wait document ready: navigate to https://vnexpress.net&#xD;
[20:25:44] [INFO] Step screenshot saved: C:\Users\ASUS\Desktop\KiemThuPM\bin\Debug\net6.0\artifacts\selenium-steps\TC02_TimKiem_TuKhoaHopLe_20260425_202538\01_00_home_loaded.png&#xD;
[20:25:44] [INFO] TC02 - Bắt đầu tìm kiếm từ khóa hợp lệ&#xD;
[20:25:44] [INFO] Mở search box cho keyword: bóng đá&#xD;
[20:25:44] [INFO] Validate selector exists [search-toggle] =&gt; By.CssSelector: a.btn-search, .ic-search, [data-role='search-toggle']&#xD;
[20:25:44] [INFO] Wait clickable [search-toggle] =&gt; By.CssSelector: a.btn-search, .ic-search, [data-role='search-toggle']&#xD;
[20:25:45] [INFO] Step screenshot saved: C:\Users\ASUS\Desktop\KiemThuPM\bin\Debug\net6.0\artifacts\selenium-steps\TC02_TimKiem_TuKhoaHopLe_20260425_202538\02_search_box_opened.png&#xD;
[20:25:45] [INFO] Validate selector exists [search-input] =&gt; By.CssSelector: input[type='search'], input[name='q'], .search-input&#xD;
[20:25:45] [INFO] Wait visible [search-input] =&gt; By.CssSelector: input[type='search'], input[name='q'], .search-input&#xD;
[20:25:45] [INFO] Step screenshot saved: C:\Users\ASUS\Desktop\KiemThuPM\bin\Debug\net6.0\artifacts\selenium-steps\TC02_TimKiem_TuKhoaHopLe_20260425_202538\03_tc02_keyword_typed.png&#xD;
[20:25:45] [INFO] Wait document ready: TC02 search submit&#xD;
[20:25:45] [INFO] Wait elements [search-result-cards] =&gt; By.CssSelector: article, .item-news, .list-news-subfolder h3, minCount=1&#xD;
[20:25:47] [INFO] Step screenshot saved: C:\Users\ASUS\Desktop\KiemThuPM\bin\Debug\net6.0\artifacts\selenium-steps\TC02_TimKiem_TuKhoaHopLe_20260425_202538\04_tc02_search_results.png&#xD;
[20:25:47] [INFO] [TC02 PASS] Tìm kiếm 'bóng đá' trả về 71 kết quả, relevant=3&#xD;
</Text>
      </RunInfo>
    </RunInfos>
  </ResultSummary>
</TestRun>