<?xml version="1.0" encoding="utf-8"?>
<TestRun id="6433acd5-f9e7-48c4-9778-582b991a4a20" name="ASUS@LAPTOP-OVJCF5S1 2026-04-14 21:44:24" runUser="LAPTOP-OVJCF5S1\ASUS" xmlns="http://microsoft.com/schemas/VisualStudio/TeamTest/2010">
  <Times creation="2026-04-14T21:44:24.4579293+07:00" queuing="2026-04-14T21:44:24.4579298+07:00" start="2026-04-14T21:44:15.7848535+07:00" finish="2026-04-14T21:46:04.2229880+07:00" />
  <TestSettings name="default" id="11b0f6f0-3c5c-459f-826d-5dab2b8e3982">
    <Deployment runDeploymentRoot="ASUS_LAPTOP-OVJCF5S1_2026-04-14_21_44_24" />
  </TestSettings>
  <Results>
    <UnitTestResult executionId="f2063a9a-fe85-4634-993b-afa0ce80f10a" testId="87e572af-5cf7-f6e4-782d-529ca4d6d768" testName="TC04_TimKiem_KeywordDai" computerName="LAPTOP-OVJCF5S1" duration="00:00:11.2138610" startTime="2026-04-14T21:44:46.6429624+07:00" endTime="2026-04-14T21:44:57.8568229+07:00" testType="13cdc9d9-ddb5-4fa4-a97d-d965ccfc6d4b" outcome="Passed" testListId="8c84fa94-04c1-424b-9868-57a2d4851a1d" relativeResultsDirectory="f2063a9a-fe85-4634-993b-afa0ce80f10a">
      <Output>
        <StdOut>[TC04 PASS] Keyword dài 200 ký tự xử lý bình thường. URL: https://vnexpress.net/</StdOut>
      </Output>
    </UnitTestResult>
    <UnitTestResult executionId="12215c8e-b500-4d55-a101-4133a2cddd21" testId="c55bb59e-57e4-9023-fa29-7801336fb535" testName="TC09_TimKiem_KetQuaDungChuDe" computerName="LAPTOP-OVJCF5S1" duration="00:00:11.4503570" startTime="2026-04-14T21:45:41.3301638+07:00" endTime="2026-04-14T21:45:52.7805206+07:00" testType="13cdc9d9-ddb5-4fa4-a97d-d965ccfc6d4b" outcome="Passed" testListId="8c84fa94-04c1-424b-9868-57a2d4851a1d" relativeResultsDirectory="12215c8e-b500-4d55-a101-4133a2cddd21">
      <Output>
        <StdOut>[TC09 PASS] Tìm kiếm 'COVID' trả về 86 kết quả.&#xD;
  - Tổng Bí thư, Chủ tịch nước Tô Lâm phát biểu tại Đại học Thanh Hoa&#xD;
  - Web đen vào sách lớp 3&#xD;
  - Thủ tướng: Vận hành Bệnh viện Bạch Mai 2, Việt Đức 2 trong quý II&#xD;
  - Mỹ có thể phong tỏa eo biển Hormuz thế nào&#xD;
  - VinSpace của ông Phạm Nhật Vượng dự kiến đưa vệ tinh lên quỹ đạo vào 2027&#xD;
  - Ông Tập nêu đề xuất 4 điểm cho hòa bình Trung Đông&#xD;
  - Metropolitano - pháo đài có thể chặn đứng Barca&#xD;
  - Ôtô khách chở 9 người lao xuống mương&#xD;
  - Động đất 3 độ ở Lào Cai&#xD;
  - Tổng Bí thư, Chủ tịch nước Tô Lâm thăm Khu mới Hùng An của Trung Quốc&#xD;
  - Bên trong Hùng An - 'thành phố tương lai' của Trung Quốc&#xD;
  - Cháy căn hộ chung cư 24 tầng ở Hà Nội&#xD;
  - Tranh cãi hai cánh cửa nhà hát trong lăng vua Tự Đức&#xD;
  - Đề xuất ôtô độ thiết bị nội, ngoại thất vẫn được đăng kiểm&#xD;
  - Miền Bắc chấm dứt nắng nóng diện rộng&#xD;
  - Doanh nghiệp vận tải tiếp tục tăng giá vé xe khách&#xD;
  - Cuộc thi gan giữa Mỹ - Iran tại eo biển Hormuz&#xD;
  - Loạt tàu quét mìn Mỹ có thể đang hướng tới eo biển Hormuz&#xD;
  - Ông Nguyễn Mạnh Hùng làm Chủ tịch UBND TP Đà Nẵng&#xD;
  - Tại sao Artemis II không bay thẳng mà lượn vòng hình số 8?&#xD;
  - &#xD;
  - &#xD;
  - &#xD;
  - &#xD;
  - &#xD;
  - Mỹ 'bắn sạch' tên lửa đời mới trong giai đoạn đầu xung đột với Iran&#xD;
  - Iran 'thiệt hại ít nhất 270 tỷ USD' trong 6 tuần chiến sự&#xD;
  - Người Lebanon kiệt sức trong vòng lặp bom đạn&#xD;
  - &#xD;
  - Mỹ - Iran có thể sắp đàm phán lần hai&#xD;
  - &#xD;
  - Lực lượng có thể giúp Mỹ phong tỏa eo biển Hormuz&#xD;
  - &#xD;
  - VN-Index tăng mạnh ba phiên liên tiếp&#xD;
  - Sếp Novaland khẳng định công ty có tài sản nhiều hơn nợ&#xD;
  - Ông Nguyễn Văn Thời xin từ nhiệm Chủ tịch Dệt may TNG&#xD;
  - &#xD;
  - Nhập khẩu Trung Quốc tăng mạnh nhất hơn 4 năm&#xD;
  - &#xD;
  - Giá vàng miếng tăng 1,5 triệu đồng&#xD;
  - 11&#xD;
  - Đà Nẵng hỗ trợ doanh nghiệp nhỏ và vừa tới 200 triệu đồng mỗi năm&#xD;
  - &#xD;
  - Sắp có tàu du lịch biển chạy pin đầu tiên trên thế giới&#xD;
  - 12&#xD;
  - Mỹ thiếu 10 triệu căn nhà&#xD;
  - TP HCM vướng cấp phép xây dựng nhà ở do thiếu quy hoạch&#xD;
  - Giầy Thượng Đình muốn xây khu căn hộ, văn phòng gần 10.000 tỷ đồng ở 277 Nguyễn Trãi&#xD;
  - 12&#xD;
  - Nhà đầu tư căn hộ giảm giá để chốt nhanh giao dịch&#xD;
  - 29&#xD;
  - 569 căn hộ tại hai tòa tháp ven biển Đà Nẵng đủ điều kiện mở bán&#xD;
  - &#xD;
  - Garnacho nguy cơ bị kỷ luật vì xóa ảnh Chelsea&#xD;
  - Yamal và Barca tìm cảm hứng ngược dòng từ LeBron James&#xD;
  - Valdano: 'Real mạnh nhất khi tuyệt vọng'&#xD;
  - 10&#xD;
  - Hôm nay định đoạt vé bán kết Champions League&#xD;
  - 34&#xD;
  - Báo Malaysia: 'U17 Việt Nam quá mạnh'&#xD;
  - 14&#xD;
  - 'Conan 29' lập kỷ lục hút fan&#xD;
  - Sách&#xD;
  - Tiểu thuyết về hoàng hậu cuối cùng của nhà Lý&#xD;
  - Đoàn Văn Hậu, Doãn Hải My diện đồ ăn ý&#xD;
  - &#xD;
  - 'Ngôi nhà nhỏ trên thảo nguyên' bản mới tung teaser&#xD;
  - &#xD;
  - 'Hai con trai giúp Britney Spears đi cai nghiện'&#xD;
  - &#xD;
  - Cá chiên giòn mắm xoài kiểu Nam Bộ&#xD;
  - Nhiều người Mỹ thắt chặt chi tiêu vì lạm phát&#xD;
  - Thanh niên Thái Lan nhập ngũ né thất nghiệp&#xD;
  - &#xD;
  - Bị gạt khỏi quyết định an tử của người thân&#xD;
  - &#xD;
  - Cuộc sống về già của thế hệ đầu tiên chọn 'không con cái'&#xD;
  - 158&#xD;
  - Hòn đảo thỏ đông hơn người ở nước nào?&#xD;
  - 4 trường chuyên ở TP HCM dự kiến tuyển hơn 2.300 học sinh lớp 10&#xD;
  - Học viện Ngân hàng có Giám đốc sau 6 năm&#xD;
  - &#xD;
  - Cô giáo mầm non bị đình chỉ dạy vì xoay, lắc đầu trẻ&#xD;
  - 12&#xD;
  - 30 nghề triển vọng, không cần bằng đại học ở Mỹ&#xD;
  -</StdOut>
      </Output>
    </UnitTestResult>
    <UnitTestResult executionId="28bd24bf-ad42-4445-acd0-a56a32c7bd0c" testId="8153e881-2237-a56d-73b6-ee21bacbb2be" testName="TC02_TimKiem_TuKhoaHopLe" computerName="LAPTOP-OVJCF5S1" duration="00:00:11.6056780" startTime="2026-04-14T21:44:24.3953474+07:00" endTime="2026-04-14T21:44:36.0010244+07:00" testType="13cdc9d9-ddb5-4fa4-a97d-d965ccfc6d4b" outcome="Failed" testListId="8c84fa94-04c1-424b-9868-57a2d4851a1d" relativeResultsDirectory="28bd24bf-ad42-4445-acd0-a56a32c7bd0c">
      <Output>
        <ErrorInfo>
          <Message>  URL sau khi tìm kiếm phải chứa từ khóa hoặc tham số search&#xD;
  Expected: True&#xD;
  But was:  False&#xD;
</Message>
          <StackTrace>   at VnExpressSeleniumTests.VnExpressTests.TC02_TimKiem_TuKhoaHopLe() in C:\Users\ASUS\Desktop\KiemThuPM\VnExpressTests.cs:line 113&#xD;

1)    at VnExpressSeleniumTests.VnExpressTests.TC02_TimKiem_TuKhoaHopLe() in C:\Users\ASUS\Desktop\KiemThuPM\VnExpressTests.cs:line 113&#xD;

</StackTrace>
        </ErrorInfo>
      </Output>
    </UnitTestResult>
    <UnitTestResult executionId="c3279363-c3a4-49a4-9e67-ec9db76e57a4" testId="9e7e4435-9b53-b424-2e4f-ad29df8fd6ba" testName="TC07_DocBai_ChiTietBaiViet" computerName="LAPTOP-OVJCF5S1" duration="00:00:10.7904610" startTime="2026-04-14T21:45:20.4023026+07:00" endTime="2026-04-14T21:45:31.1927634+07:00" testType="13cdc9d9-ddb5-4fa4-a97d-d965ccfc6d4b" outcome="Passed" testListId="8c84fa94-04c1-424b-9868-57a2d4851a1d" relativeResultsDirectory="c3279363-c3a4-49a4-9e67-ec9db76e57a4">
      <Output>
        <StdOut>Đang click vào bài: Tổng Bí thư, Chủ tịch nước Tô Lâm phát biểu tại Đại học Thanh Hoa&#xD;
[TC07 PASS] Mở bài thành công. Tiêu đề: Tổng Bí thư, Chủ tịch nước Tô Lâm phát biểu tại Đại học Than...</StdOut>
      </Output>
    </UnitTestResult>
    <UnitTestResult executionId="95b7ce3b-33ee-4382-82ba-64cfa43939a1" testId="f22e55c7-4578-5a51-dd51-7d7f413f0810" testName="TC01_TrangChu_TaiThanhCong" computerName="LAPTOP-OVJCF5S1" duration="00:00:07.9964980" startTime="2026-04-14T21:44:16.3975482+07:00" endTime="2026-04-14T21:44:24.3939720+07:00" testType="13cdc9d9-ddb5-4fa4-a97d-d965ccfc6d4b" outcome="Passed" testListId="8c84fa94-04c1-424b-9868-57a2d4851a1d" relativeResultsDirectory="95b7ce3b-33ee-4382-82ba-64cfa43939a1">
      <Output>
        <StdOut>[TC01 PASS] Trang chủ tải thành công. Title: Báo VnExpress - Báo tiếng Việt nhiều người xem nhất</StdOut>
      </Output>
    </UnitTestResult>
    <UnitTestResult executionId="1135abd8-1688-4cde-8688-d8fbf746724c" testId="6e5c7170-1fe3-4de6-cc5c-89874330c700" testName="TC05_Filter_ChuyenMucThoiSu" computerName="LAPTOP-OVJCF5S1" duration="00:00:10.6638850" startTime="2026-04-14T21:44:57.8568609+07:00" endTime="2026-04-14T21:45:08.5207451+07:00" testType="13cdc9d9-ddb5-4fa4-a97d-d965ccfc6d4b" outcome="Passed" testListId="8c84fa94-04c1-424b-9868-57a2d4851a1d" relativeResultsDirectory="1135abd8-1688-4cde-8688-d8fbf746724c">
      <Output>
        <StdOut>[TC05 PASS] Chuyên mục Thời sự hiển thị 105 bài. URL: https://vnexpress.net/thoi-su</StdOut>
      </Output>
    </UnitTestResult>
    <UnitTestResult executionId="e0cf2b4e-603b-47c2-8c49-dd6549e2f981" testId="5bf8aa18-7fa8-617e-2091-f065680a8c6e" testName="TC10_TimKiem_KyTuDacBiet" computerName="LAPTOP-OVJCF5S1" duration="00:00:11.3526680" startTime="2026-04-14T21:45:52.7805478+07:00" endTime="2026-04-14T21:46:04.1332148+07:00" testType="13cdc9d9-ddb5-4fa4-a97d-d965ccfc6d4b" outcome="Passed" testListId="8c84fa94-04c1-424b-9868-57a2d4851a1d" relativeResultsDirectory="e0cf2b4e-603b-47c2-8c49-dd6549e2f981">
      <Output>
        <StdOut>[TC10 PASS] Ký tự đặc biệt được xử lý an toàn. URL: https://vnexpress.net/</StdOut>
      </Output>
    </UnitTestResult>
    <UnitTestResult executionId="35980f7d-d793-4a50-b271-f18c6f23ae04" testId="154a160a-972a-639c-d947-0d8f55eb9586" testName="TC08_PhanTrang_TrangTiepTheo" computerName="LAPTOP-OVJCF5S1" duration="00:00:10.1373460" startTime="2026-04-14T21:45:31.1927905+07:00" endTime="2026-04-14T21:45:41.3301361+07:00" testType="13cdc9d9-ddb5-4fa4-a97d-d965ccfc6d4b" outcome="Failed" testListId="8c84fa94-04c1-424b-9868-57a2d4851a1d" relativeResultsDirectory="35980f7d-d793-4a50-b271-f18c6f23ae04">
      <Output>
        <ErrorInfo>
          <Message>OpenQA.Selenium.ElementClickInterceptedException : element click intercepted: Element &lt;a href="/thoi-su-p2" class="btn-page next-page "&gt;...&lt;/a&gt; is not clickable at point (950, 664). Other element would receive the click: &lt;article class="item-news item-news-common thumb-left"&gt;...&lt;/article&gt;&#xD;
  (Session info: MicrosoftEdge=146.0.3856.109)</Message>
          <StackTrace>   at OpenQA.Selenium.WebDriver.UnpackAndThrowOnError(Response errorResponse, String commandToExecute)&#xD;
   at OpenQA.Selenium.WebDriver.Execute(String driverCommandToExecute, Dictionary`2 parameters)&#xD;
   at OpenQA.Selenium.WebDriver.InternalExecute(String driverCommandToExecute, Dictionary`2 parameters)&#xD;
   at OpenQA.Selenium.WebElement.Execute(String commandToExecute, Dictionary`2 parameters)&#xD;
   at OpenQA.Selenium.WebElement.Click()&#xD;
   at VnExpressSeleniumTests.VnExpressTests.TC08_PhanTrang_TrangTiepTheo() in C:\Users\ASUS\Desktop\KiemThuPM\VnExpressTests.cs:line 323
</StackTrace>
        </ErrorInfo>
      </Output>
    </UnitTestResult>
    <UnitTestResult executionId="96c71244-a5c6-48fa-ac07-966b15f82453" testId="fc1c6ec1-1655-f200-daff-e2fab12e447c" testName="TC06_Filter_ChuyenMucTheThao" computerName="LAPTOP-OVJCF5S1" duration="00:00:11.8814560" startTime="2026-04-14T21:45:08.5207925+07:00" endTime="2026-04-14T21:45:20.4022474+07:00" testType="13cdc9d9-ddb5-4fa4-a97d-d965ccfc6d4b" outcome="Passed" testListId="8c84fa94-04c1-424b-9868-57a2d4851a1d" relativeResultsDirectory="96c71244-a5c6-48fa-ac07-966b15f82453">
      <Output>
        <StdOut>[TC06 PASS] Chuyên mục Thể thao hiển thị 139 bài. URL: https://vnexpress.net/the-thao</StdOut>
      </Output>
    </UnitTestResult>
    <UnitTestResult executionId="dbb8e0f1-7e06-4f3e-9edd-1287bf09d17a" testId="d6712de3-b25f-96fb-acec-7feaac0c3db4" testName="TC03_TimKiem_KeywordRong" computerName="LAPTOP-OVJCF5S1" duration="00:00:10.6416630" startTime="2026-04-14T21:44:36.0012702+07:00" endTime="2026-04-14T21:44:46.6429328+07:00" testType="13cdc9d9-ddb5-4fa4-a97d-d965ccfc6d4b" outcome="Passed" testListId="8c84fa94-04c1-424b-9868-57a2d4851a1d" relativeResultsDirectory="dbb8e0f1-7e06-4f3e-9edd-1287bf09d17a">
      <Output>
        <StdOut>[TC03 PASS] Tìm kiếm keyword rỗng không gây crash. URL: https://vnexpress.net/</StdOut>
      </Output>
    </UnitTestResult>
  </Results>
  <TestDefinitions>
    <UnitTest name="TC06_Filter_ChuyenMucTheThao" storage="c:\users\asus\desktop\kiemthupm\bin\debug\net6.0\seleniumvnexpress.dll" id="fc1c6ec1-1655-f200-daff-e2fab12e447c">
      <Execution id="96c71244-a5c6-48fa-ac07-966b15f82453" />
      <TestMethod codeBase="C:\Users\ASUS\Desktop\KiemThuPM\bin\Debug\net6.0\SeleniumVnExpress.dll" adapterTypeName="executor://nunit3testexecutor/" className="VnExpressSeleniumTests.VnExpressTests" name="TC06_Filter_ChuyenMucTheThao" />
    </UnitTest>
    <UnitTest name="TC05_Filter_ChuyenMucThoiSu" storage="c:\users\asus\desktop\kiemthupm\bin\debug\net6.0\seleniumvnexpress.dll" id="6e5c7170-1fe3-4de6-cc5c-89874330c700">
      <Execution id="1135abd8-1688-4cde-8688-d8fbf746724c" />
      <TestMethod codeBase="C:\Users\ASUS\Desktop\KiemThuPM\bin\Debug\net6.0\SeleniumVnExpress.dll" adapterTypeName="executor://nunit3testexecutor/" className="VnExpressSeleniumTests.VnExpressTests" name="TC05_Filter_ChuyenMucThoiSu" />
    </UnitTest>
    <UnitTest name="TC08_PhanTrang_TrangTiepTheo" storage="c:\users\asus\desktop\kiemthupm\bin\debug\net6.0\seleniumvnexpress.dll" id="154a160a-972a-639c-d947-0d8f55eb9586">
      <Execution id="35980f7d-d793-4a50-b271-f18c6f23ae04" />
      <TestMethod codeBase="C:\Users\ASUS\Desktop\KiemThuPM\bin\Debug\net6.0\SeleniumVnExpress.dll" adapterTypeName="executor://nunit3testexecutor/" className="VnExpressSeleniumTests.VnExpressTests" name="TC08_PhanTrang_TrangTiepTheo" />
    </UnitTest>
    <UnitTest name="TC04_TimKiem_KeywordDai" storage="c:\users\asus\desktop\kiemthupm\bin\debug\net6.0\seleniumvnexpress.dll" id="87e572af-5cf7-f6e4-782d-529ca4d6d768">
      <Execution id="f2063a9a-fe85-4634-993b-afa0ce80f10a" />
      <TestMethod codeBase="C:\Users\ASUS\Desktop\KiemThuPM\bin\Debug\net6.0\SeleniumVnExpress.dll" adapterTypeName="executor://nunit3testexecutor/" className="VnExpressSeleniumTests.VnExpressTests" name="TC04_TimKiem_KeywordDai" />
    </UnitTest>
    <UnitTest name="TC10_TimKiem_KyTuDacBiet" storage="c:\users\asus\desktop\kiemthupm\bin\debug\net6.0\seleniumvnexpress.dll" id="5bf8aa18-7fa8-617e-2091-f065680a8c6e">
      <Execution id="e0cf2b4e-603b-47c2-8c49-dd6549e2f981" />
      <TestMethod codeBase="C:\Users\ASUS\Desktop\KiemThuPM\bin\Debug\net6.0\SeleniumVnExpress.dll" adapterTypeName="executor://nunit3testexecutor/" className="VnExpressSeleniumTests.VnExpressTests" name="TC10_TimKiem_KyTuDacBiet" />
    </UnitTest>
    <UnitTest name="TC03_TimKiem_KeywordRong" storage="c:\users\asus\desktop\kiemthupm\bin\debug\net6.0\seleniumvnexpress.dll" id="d6712de3-b25f-96fb-acec-7feaac0c3db4">
      <Execution id="dbb8e0f1-7e06-4f3e-9edd-1287bf09d17a" />
      <TestMethod codeBase="C:\Users\ASUS\Desktop\KiemThuPM\bin\Debug\net6.0\SeleniumVnExpress.dll" adapterTypeName="executor://nunit3testexecutor/" className="VnExpressSeleniumTests.VnExpressTests" name="TC03_TimKiem_KeywordRong" />
    </UnitTest>
    <UnitTest name="TC07_DocBai_ChiTietBaiViet" storage="c:\users\asus\desktop\kiemthupm\bin\debug\net6.0\seleniumvnexpress.dll" id="9e7e4435-9b53-b424-2e4f-ad29df8fd6ba">
      <Execution id="c3279363-c3a4-49a4-9e67-ec9db76e57a4" />
      <TestMethod codeBase="C:\Users\ASUS\Desktop\KiemThuPM\bin\Debug\net6.0\SeleniumVnExpress.dll" adapterTypeName="executor://nunit3testexecutor/" className="VnExpressSeleniumTests.VnExpressTests" name="TC07_DocBai_ChiTietBaiViet" />
    </UnitTest>
    <UnitTest name="TC09_TimKiem_KetQuaDungChuDe" storage="c:\users\asus\desktop\kiemthupm\bin\debug\net6.0\seleniumvnexpress.dll" id="c55bb59e-57e4-9023-fa29-7801336fb535">
      <Execution id="12215c8e-b500-4d55-a101-4133a2cddd21" />
      <TestMethod codeBase="C:\Users\ASUS\Desktop\KiemThuPM\bin\Debug\net6.0\SeleniumVnExpress.dll" adapterTypeName="executor://nunit3testexecutor/" className="VnExpressSeleniumTests.VnExpressTests" name="TC09_TimKiem_KetQuaDungChuDe" />
    </UnitTest>
    <UnitTest name="TC01_TrangChu_TaiThanhCong" storage="c:\users\asus\desktop\kiemthupm\bin\debug\net6.0\seleniumvnexpress.dll" id="f22e55c7-4578-5a51-dd51-7d7f413f0810">
      <Execution id="95b7ce3b-33ee-4382-82ba-64cfa43939a1" />
      <TestMethod codeBase="C:\Users\ASUS\Desktop\KiemThuPM\bin\Debug\net6.0\SeleniumVnExpress.dll" adapterTypeName="executor://nunit3testexecutor/" className="VnExpressSeleniumTests.VnExpressTests" name="TC01_TrangChu_TaiThanhCong" />
    </UnitTest>
    <UnitTest name="TC02_TimKiem_TuKhoaHopLe" storage="c:\users\asus\desktop\kiemthupm\bin\debug\net6.0\seleniumvnexpress.dll" id="8153e881-2237-a56d-73b6-ee21bacbb2be">
      <Execution id="28bd24bf-ad42-4445-acd0-a56a32c7bd0c" />
      <TestMethod codeBase="C:\Users\ASUS\Desktop\KiemThuPM\bin\Debug\net6.0\SeleniumVnExpress.dll" adapterTypeName="executor://nunit3testexecutor/" className="VnExpressSeleniumTests.VnExpressTests" name="TC02_TimKiem_TuKhoaHopLe" />
    </UnitTest>
  </TestDefinitions>
  <TestEntries>
    <TestEntry testId="87e572af-5cf7-f6e4-782d-529ca4d6d768" executionId="f2063a9a-fe85-4634-993b-afa0ce80f10a" testListId="8c84fa94-04c1-424b-9868-57a2d4851a1d" />
    <TestEntry testId="c55bb59e-57e4-9023-fa29-7801336fb535" executionId="12215c8e-b500-4d55-a101-4133a2cddd21" testListId="8c84fa94-04c1-424b-9868-57a2d4851a1d" />
    <TestEntry testId="8153e881-2237-a56d-73b6-ee21bacbb2be" executionId="28bd24bf-ad42-4445-acd0-a56a32c7bd0c" testListId="8c84fa94-04c1-424b-9868-57a2d4851a1d" />
    <TestEntry testId="9e7e4435-9b53-b424-2e4f-ad29df8fd6ba" executionId="c3279363-c3a4-49a4-9e67-ec9db76e57a4" testListId="8c84fa94-04c1-424b-9868-57a2d4851a1d" />
    <TestEntry testId="f22e55c7-4578-5a51-dd51-7d7f413f0810" executionId="95b7ce3b-33ee-4382-82ba-64cfa43939a1" testListId="8c84fa94-04c1-424b-9868-57a2d4851a1d" />
    <TestEntry testId="6e5c7170-1fe3-4de6-cc5c-89874330c700" executionId="1135abd8-1688-4cde-8688-d8fbf746724c" testListId="8c84fa94-04c1-424b-9868-57a2d4851a1d" />
    <TestEntry testId="5bf8aa18-7fa8-617e-2091-f065680a8c6e" executionId="e0cf2b4e-603b-47c2-8c49-dd6549e2f981" testListId="8c84fa94-04c1-424b-9868-57a2d4851a1d" />
    <TestEntry testId="154a160a-972a-639c-d947-0d8f55eb9586" executionId="35980f7d-d793-4a50-b271-f18c6f23ae04" testListId="8c84fa94-04c1-424b-9868-57a2d4851a1d" />
    <TestEntry testId="fc1c6ec1-1655-f200-daff-e2fab12e447c" executionId="96c71244-a5c6-48fa-ac07-966b15f82453" testListId="8c84fa94-04c1-424b-9868-57a2d4851a1d" />
    <TestEntry testId="d6712de3-b25f-96fb-acec-7feaac0c3db4" executionId="dbb8e0f1-7e06-4f3e-9edd-1287bf09d17a" testListId="8c84fa94-04c1-424b-9868-57a2d4851a1d" />
  </TestEntries>
  <TestLists>
    <TestList name="Results Not in a List" id="8c84fa94-04c1-424b-9868-57a2d4851a1d" />
    <TestList name="All Loaded Results" id="19431567-8539-422a-85d7-44ee4e166bda" />
  </TestLists>
  <ResultSummary outcome="Failed">
    <Counters total="10" executed="10" passed="8" failed="2" error="0" timeout="0" aborted="0" inconclusive="0" passedButRunAborted="0" notRunnable="0" notExecuted="0" disconnected="0" warning="0" completed="0" inProgress="0" pending="0" />
    <Output>
      <StdOut>NUnit Adapter 4.4.0.0: Test execution started&#xD;
Running all tests in C:\Users\ASUS\Desktop\KiemThuPM\bin\Debug\net6.0\SeleniumVnExpress.dll&#xD;
   NUnit3TestExecutor discovered 10 of 10 NUnit test cases using Current Discovery mode, Non-Explicit run&#xD;
Starting msedgedriver 146.0.3856.20 (699fe853158741282613629fd8527bae31e47c1f) on port 62610&#xD;
To submit feedback, report a bug, or suggest new features, please visit https://github.com/MicrosoftEdge/EdgeWebDriver&#xD;
Only local connections are allowed.&#xD;
Please see https://aka.ms/WebDriverSecurity for suggestions on keeping Microsoft Edge WebDriver safe.&#xD;
msedgedriver was started successfully on port 62610.&#xD;
Starting msedgedriver 146.0.3856.20 (699fe853158741282613629fd8527bae31e47c1f) on port 65251&#xD;
To submit feedback, report a bug, or suggest new features, please visit https://github.com/MicrosoftEdge/EdgeWebDriver&#xD;
Only local connections are allowed.&#xD;
Please see https://aka.ms/WebDriverSecurity for suggestions on keeping Microsoft Edge WebDriver safe.&#xD;
msedgedriver was started successfully on port 65251.&#xD;
Starting msedgedriver 146.0.3856.20 (699fe853158741282613629fd8527bae31e47c1f) on port 57568&#xD;
To submit feedback, report a bug, or suggest new features, please visit https://github.com/MicrosoftEdge/EdgeWebDriver&#xD;
Only local connections are allowed.&#xD;
Please see https://aka.ms/WebDriverSecurity for suggestions on keeping Microsoft Edge WebDriver safe.&#xD;
msedgedriver was started successfully on port 57568.&#xD;
Starting msedgedriver 146.0.3856.20 (699fe853158741282613629fd8527bae31e47c1f) on port 52517&#xD;
To submit feedback, report a bug, or suggest new features, please visit https://github.com/MicrosoftEdge/EdgeWebDriver&#xD;
Only local connections are allowed.&#xD;
Please see https://aka.ms/WebDriverSecurity for suggestions on keeping Microsoft Edge WebDriver safe.&#xD;
msedgedriver was started successfully on port 52517.&#xD;
Starting msedgedriver 146.0.3856.20 (699fe853158741282613629fd8527bae31e47c1f) on port 58612&#xD;
To submit feedback, report a bug, or suggest new features, please visit https://github.com/MicrosoftEdge/EdgeWebDriver&#xD;
Only local connections are allowed.&#xD;
Please see https://aka.ms/WebDriverSecurity for suggestions on keeping Microsoft Edge WebDriver safe.&#xD;
msedgedriver was started successfully on port 58612.&#xD;
Starting msedgedriver 146.0.3856.20 (699fe853158741282613629fd8527bae31e47c1f) on port 54108&#xD;
To submit feedback, report a bug, or suggest new features, please visit https://github.com/MicrosoftEdge/EdgeWebDriver&#xD;
Only local connections are allowed.&#xD;
Please see https://aka.ms/WebDriverSecurity for suggestions on keeping Microsoft Edge WebDriver safe.&#xD;
msedgedriver was started successfully on port 54108.&#xD;
Starting msedgedriver 146.0.3856.20 (699fe853158741282613629fd8527bae31e47c1f) on port 51000&#xD;
To submit feedback, report a bug, or suggest new features, please visit https://github.com/MicrosoftEdge/EdgeWebDriver&#xD;
Only local connections are allowed.&#xD;
Please see https://aka.ms/WebDriverSecurity for suggestions on keeping Microsoft Edge WebDriver safe.&#xD;
msedgedriver was started successfully on port 51000.&#xD;
Starting msedgedriver 146.0.3856.20 (699fe853158741282613629fd8527bae31e47c1f) on port 62258&#xD;
To submit feedback, report a bug, or suggest new features, please visit https://github.com/MicrosoftEdge/EdgeWebDriver&#xD;
Only local connections are allowed.&#xD;
Please see https://aka.ms/WebDriverSecurity for suggestions on keeping Microsoft Edge WebDriver safe.&#xD;
msedgedriver was started successfully on port 62258.&#xD;
Starting msedgedriver 146.0.3856.20 (699fe853158741282613629fd8527bae31e47c1f) on port 57213&#xD;
To submit feedback, report a bug, or suggest new features, please visit https://github.com/MicrosoftEdge/EdgeWebDriver&#xD;
Only local connections are allowed.&#xD;
Please see https://aka.ms/WebDriverSecurity for suggestions on keeping Microsoft Edge WebDriver safe.&#xD;
msedgedriver was started successfully on port 57213.&#xD;
Starting msedgedriver 146.0.3856.20 (699fe853158741282613629fd8527bae31e47c1f) on port 63328&#xD;
To submit feedback, report a bug, or suggest new features, please visit https://github.com/MicrosoftEdge/EdgeWebDriver&#xD;
Only local connections are allowed.&#xD;
Please see https://aka.ms/WebDriverSecurity for suggestions on keeping Microsoft Edge WebDriver safe.&#xD;
msedgedriver was started successfully on port 63328.&#xD;
NUnit Adapter 4.4.0.0: Test execution complete&#xD;
</StdOut>
    </Output>
    <RunInfos>
      <RunInfo computerName="LAPTOP-OVJCF5S1" outcome="Warning" timestamp="2026-04-14T21:44:24.4117588+07:00">
        <Text>[TC01 PASS] Trang chủ tải thành công. Title: Báo VnExpress - Báo tiếng Việt nhiều người xem nhất&#xD;
</Text>
      </RunInfo>
      <RunInfo computerName="LAPTOP-OVJCF5S1" outcome="Warning" timestamp="2026-04-14T21:44:46.6442027+07:00">
        <Text>[TC03 PASS] Tìm kiếm keyword rỗng không gây crash. URL: https://vnexpress.net/&#xD;
</Text>
      </RunInfo>
      <RunInfo computerName="LAPTOP-OVJCF5S1" outcome="Warning" timestamp="2026-04-14T21:44:57.8583616+07:00">
        <Text>[TC04 PASS] Keyword dài 200 ký tự xử lý bình thường. URL: https://vnexpress.net/&#xD;
</Text>
      </RunInfo>
      <RunInfo computerName="LAPTOP-OVJCF5S1" outcome="Warning" timestamp="2026-04-14T21:45:08.5219795+07:00">
        <Text>[TC05 PASS] Chuyên mục Thời sự hiển thị 105 bài. URL: https://vnexpress.net/thoi-su&#xD;
</Text>
      </RunInfo>
      <RunInfo computerName="LAPTOP-OVJCF5S1" outcome="Warning" timestamp="2026-04-14T21:45:20.4033042+07:00">
        <Text>[TC06 PASS] Chuyên mục Thể thao hiển thị 139 bài. URL: https://vnexpress.net/the-thao&#xD;
</Text>
      </RunInfo>
      <RunInfo computerName="LAPTOP-OVJCF5S1" outcome="Warning" timestamp="2026-04-14T21:45:31.1939186+07:00">
        <Text>Đang click vào bài: Tổng Bí thư, Chủ tịch nước Tô Lâm phát biểu tại Đại học Thanh Hoa&#xD;
[TC07 PASS] Mở bài thành công. Tiêu đề: Tổng Bí thư, Chủ tịch nước Tô Lâm phát biểu tại Đại học Than...&#xD;
</Text>
      </RunInfo>
      <RunInfo computerName="LAPTOP-OVJCF5S1" outcome="Warning" timestamp="2026-04-14T21:45:52.7815412+07:00">
        <Text>[TC09 PASS] Tìm kiếm 'COVID' trả về 86 kết quả.&#xD;
  - Tổng Bí thư, Chủ tịch nước Tô Lâm phát biểu tại Đại học Thanh Hoa&#xD;
  - Web đen vào sách lớp 3&#xD;
  - Thủ tướng: Vận hành Bệnh viện Bạch Mai 2, Việt Đức 2 trong quý II&#xD;
  - Mỹ có thể phong tỏa eo biển Hormuz thế nào&#xD;
  - VinSpace của ông Phạm Nhật Vượng dự kiến đưa vệ tinh lên quỹ đạo vào 2027&#xD;
  - Ông Tập nêu đề xuất 4 điểm cho hòa bình Trung Đông&#xD;
  - Metropolitano - pháo đài có thể chặn đứng Barca&#xD;
  - Ôtô khách chở 9 người lao xuống mương&#xD;
  - Động đất 3 độ ở Lào Cai&#xD;
  - Tổng Bí thư, Chủ tịch nước Tô Lâm thăm Khu mới Hùng An của Trung Quốc&#xD;
  - Bên trong Hùng An - 'thành phố tương lai' của Trung Quốc&#xD;
  - Cháy căn hộ chung cư 24 tầng ở Hà Nội&#xD;
  - Tranh cãi hai cánh cửa nhà hát trong lăng vua Tự Đức&#xD;
  - Đề xuất ôtô độ thiết bị nội, ngoại thất vẫn được đăng kiểm&#xD;
  - Miền Bắc chấm dứt nắng nóng diện rộng&#xD;
  - Doanh nghiệp vận tải tiếp tục tăng giá vé xe khách&#xD;
  - Cuộc thi gan giữa Mỹ - Iran tại eo biển Hormuz&#xD;
  - Loạt tàu quét mìn Mỹ có thể đang hướng tới eo biển Hormuz&#xD;
  - Ông Nguyễn Mạnh Hùng làm Chủ tịch UBND TP Đà Nẵng&#xD;
  - Tại sao Artemis II không bay thẳng mà lượn vòng hình số 8?&#xD;
  - &#xD;
  - &#xD;
  - &#xD;
  - &#xD;
  - &#xD;
  - Mỹ 'bắn sạch' tên lửa đời mới trong giai đoạn đầu xung đột với Iran&#xD;
  - Iran 'thiệt hại ít nhất 270 tỷ USD' trong 6 tuần chiến sự&#xD;
  - Người Lebanon kiệt sức trong vòng lặp bom đạn&#xD;
  - &#xD;
  - Mỹ - Iran có thể sắp đàm phán lần hai&#xD;
  - &#xD;
  - Lực lượng có thể giúp Mỹ phong tỏa eo biển Hormuz&#xD;
  - &#xD;
  - VN-Index tăng mạnh ba phiên liên tiếp&#xD;
  - Sếp Novaland khẳng định công ty có tài sản nhiều hơn nợ&#xD;
  - Ông Nguyễn Văn Thời xin từ nhiệm Chủ tịch Dệt may TNG&#xD;
  - &#xD;
  - Nhập khẩu Trung Quốc tăng mạnh nhất hơn 4 năm&#xD;
  - &#xD;
  - Giá vàng miếng tăng 1,5 triệu đồng&#xD;
  - 11&#xD;
  - Đà Nẵng hỗ trợ doanh nghiệp nhỏ và vừa tới 200 triệu đồng mỗi năm&#xD;
  - &#xD;
  - Sắp có tàu du lịch biển chạy pin đầu tiên trên thế giới&#xD;
  - 12&#xD;
  - Mỹ thiếu 10 triệu căn nhà&#xD;
  - TP HCM vướng cấp phép xây dựng nhà ở do thiếu quy hoạch&#xD;
  - Giầy Thượng Đình muốn xây khu căn hộ, văn phòng gần 10.000 tỷ đồng ở 277 Nguyễn Trãi&#xD;
  - 12&#xD;
  - Nhà đầu tư căn hộ giảm giá để chốt nhanh giao dịch&#xD;
  - 29&#xD;
  - 569 căn hộ tại hai tòa tháp ven biển Đà Nẵng đủ điều kiện mở bán&#xD;
  - &#xD;
  - Garnacho nguy cơ bị kỷ luật vì xóa ảnh Chelsea&#xD;
  - Yamal và Barca tìm cảm hứng ngược dòng từ LeBron James&#xD;
  - Valdano: 'Real mạnh nhất khi tuyệt vọng'&#xD;
  - 10&#xD;
  - Hôm nay định đoạt vé bán kết Champions League&#xD;
  - 34&#xD;
  - Báo Malaysia: 'U17 Việt Nam quá mạnh'&#xD;
  - 14&#xD;
  - 'Conan 29' lập kỷ lục hút fan&#xD;
  - Sách&#xD;
  - Tiểu thuyết về hoàng hậu cuối cùng của nhà Lý&#xD;
  - Đoàn Văn Hậu, Doãn Hải My diện đồ ăn ý&#xD;
  - &#xD;
  - 'Ngôi nhà nhỏ trên thảo nguyên' bản mới tung teaser&#xD;
  - &#xD;
  - 'Hai con trai giúp Britney Spears đi cai nghiện'&#xD;
  - &#xD;
  - Cá chiên giòn mắm xoài kiểu Nam Bộ&#xD;
  - Nhiều người Mỹ thắt chặt chi tiêu vì lạm phát&#xD;
  - Thanh niên Thái Lan nhập ngũ né thất nghiệp&#xD;
  - &#xD;
  - Bị gạt khỏi quyết định an tử của người thân&#xD;
  - &#xD;
  - Cuộc sống về già của thế hệ đầu tiên chọn 'không con cái'&#xD;
  - 158&#xD;
  - Hòn đảo thỏ đông hơn người ở nước nào?&#xD;
  - 4 trường chuyên ở TP HCM dự kiến tuyển hơn 2.300 học sinh lớp 10&#xD;
  - Học viện Ngân hàng có Giám đốc sau 6 năm&#xD;
  - &#xD;
  - Cô giáo mầm non bị đình chỉ dạy vì xoay, lắc đầu trẻ&#xD;
  - 12&#xD;
  - 30 nghề triển vọng, không cần bằng đại học ở Mỹ&#xD;
  - &#xD;
</Text>
      </RunInfo>
      <RunInfo computerName="LAPTOP-OVJCF5S1" outcome="Warning" timestamp="2026-04-14T21:46:04.1340339+07:00">
        <Text>[TC10 PASS] Ký tự đặc biệt được xử lý an toàn. URL: https://vnexpress.net/&#xD;
</Text>
      </RunInfo>
    </RunInfos>
  </ResultSummary>
</TestRun>