<?xml version="1.0" encoding="utf-8"?>
<TestRun id="42af87a1-7b02-41f4-aa29-b91872c4bb3c" name="ASUS@LAPTOP-OVJCF5S1 2026-04-25 19:58:38" runUser="LAPTOP-OVJCF5S1\ASUS" xmlns="http://microsoft.com/schemas/VisualStudio/TeamTest/2010">
  <Times creation="2026-04-25T19:58:38.2700796+07:00" queuing="2026-04-25T19:58:38.2700802+07:00" start="2026-04-25T19:58:30.0706526+07:00" finish="2026-04-25T20:00:58.8606242+07:00" />
  <TestSettings name="default" id="e46d21e7-b3a8-4dbe-9c44-25f96cbf4c8a">
    <Deployment runDeploymentRoot="ASUS_LAPTOP-OVJCF5S1_2026-04-25_19_58_38" />
  </TestSettings>
  <Results>
    <UnitTestResult executionId="a4774cda-a7d0-4979-8fd4-2819d9380df2" testId="154a160a-972a-639c-d947-0d8f55eb9586" testName="TC08_PhanTrang_TrangTiepTheo" computerName="LAPTOP-OVJCF5S1" duration="00:00:18.5978170" startTime="2026-04-25T20:00:15.5463161+07:00" endTime="2026-04-25T20:00:34.1441321+07:00" testType="13cdc9d9-ddb5-4fa4-a97d-d965ccfc6d4b" outcome="Passed" testListId="8c84fa94-04c1-424b-9868-57a2d4851a1d" relativeResultsDirectory="a4774cda-a7d0-4979-8fd4-2819d9380df2">
      <Output>
        <StdOut>[TC08 PASS] Phân trang hoạt động. URL trang 2: https://vnexpress.net/thoi-su-p2</StdOut>
      </Output>
    </UnitTestResult>
    <UnitTestResult executionId="7792474c-164b-4247-8aa0-bb4dcf6c9334" testId="5bf8aa18-7fa8-617e-2091-f065680a8c6e" testName="TC10_TimKiem_KyTuDacBiet" computerName="LAPTOP-OVJCF5S1" duration="00:00:12.2804870" startTime="2026-04-25T20:00:46.4982694+07:00" endTime="2026-04-25T20:00:58.7787562+07:00" testType="13cdc9d9-ddb5-4fa4-a97d-d965ccfc6d4b" outcome="Passed" testListId="8c84fa94-04c1-424b-9868-57a2d4851a1d" relativeResultsDirectory="7792474c-164b-4247-8aa0-bb4dcf6c9334">
      <Output>
        <StdOut>[TC10 PASS] Ký tự đặc biệt được xử lý an toàn. URL: https://vnexpress.net/</StdOut>
      </Output>
    </UnitTestResult>
    <UnitTestResult executionId="81416465-01d4-4a7d-a25d-c259fbe85662" testId="8153e881-2237-a56d-73b6-ee21bacbb2be" testName="TC02_TimKiem_TuKhoaHopLe" computerName="LAPTOP-OVJCF5S1" duration="00:00:11.2377490" startTime="2026-04-25T19:58:38.2260270+07:00" endTime="2026-04-25T19:58:49.4637752+07:00" testType="13cdc9d9-ddb5-4fa4-a97d-d965ccfc6d4b" outcome="Passed" testListId="8c84fa94-04c1-424b-9868-57a2d4851a1d" relativeResultsDirectory="81416465-01d4-4a7d-a25d-c259fbe85662">
      <Output>
        <StdOut>[TC02 PASS] Tìm kiếm 'bóng đá' trả về 71 kết quả.</StdOut>
      </Output>
    </UnitTestResult>
    <UnitTestResult executionId="9b2dd3f2-73a2-4a76-a951-8ce4c0963a9d" testId="c55bb59e-57e4-9023-fa29-7801336fb535" testName="TC09_TimKiem_KetQuaDungChuDe" computerName="LAPTOP-OVJCF5S1" duration="00:00:12.3540460" startTime="2026-04-25T20:00:34.1441734+07:00" endTime="2026-04-25T20:00:46.4982183+07:00" testType="13cdc9d9-ddb5-4fa4-a97d-d965ccfc6d4b" outcome="Passed" testListId="8c84fa94-04c1-424b-9868-57a2d4851a1d" relativeResultsDirectory="9b2dd3f2-73a2-4a76-a951-8ce4c0963a9d">
      <Output>
        <StdOut>[TC09 PASS] Tìm kiếm 'COVID' trả về 86 kết quả.&#xD;
  - Hành trình bất bại của Việt Nam khi vô địch U17 Đông Nam Á&#xD;
  - Quê quán và định kiến vùng miền&#xD;
  - Chuyên gia thám hiểm đu dây xuống hang động mới phát hiện&#xD;
  - Biển người xếp hàng ở cửa khẩu chờ đi du lịch Trung Quốc&#xD;
  - Phát hiện rìu đá 6.000 năm tuổi ở Quảng Trị&#xD;
  - Lật xe chở 39 hành khách&#xD;
  - Bộ Công an đề xuất tách riêng tội 'hàng kém chất lượng'&#xD;
  - Nghi án nữ tiểu thương bị sát hại trên đường&#xD;
  - Ukraine để lọt toàn bộ tên lửa Iskander trong đòn tập kích của Nga&#xD;
  - Tổng Bí thư, Chủ tịch nước: 'Đà Nẵng cần trở thành cực tăng trưởng mới'&#xD;
  - Đà Nẵng khởi công 'siêu cảng' container 2 tỷ USD&#xD;
  - Giới trẻ mặc giáp binh thời Lý - Trần diễu hành tại Thảo Cầm Viên&#xD;
  - Những ngày Trung Đông rung chuyển trong chiến sự Iran&#xD;
  - Mô hình iPhone gập so dáng cùng thiết bị Apple&#xD;
  - Tốt nghiệp sớm, nữ sinh 22 tuổi thẳng tiến đại học top 8 thế giới&#xD;
  - Hà Nội sẽ bắn pháo hoa tối 28/4&#xD;
  - Hơn 30 thiếu niên cầm đao kiếm đuổi đánh người đi đường&#xD;
  - Google sẽ đầu tư 40 tỷ USD vào Anthropic&#xD;
  - Trả giá vì 'đu trend' leo núi chữa lành&#xD;
  - Lần đầu trưng bày 20 bức tranh của vua Hàm Nghi ở Hà Nội&#xD;
  - &#xD;
  - &#xD;
  - &#xD;
  - &#xD;
  - &#xD;
  - Những ngôi làng thành bình địa ở Lebanon sau chiến dịch của Israel&#xD;
  - Mỹ nói thời kỳ đồng minh 'ăn theo' đã chấm dứt&#xD;
  - Israel - Hezbollah giao tranh giữa lệnh ngừng bắn&#xD;
  - &#xD;
  - 40 nước ủng hộ kế hoạch sơ tán tàu khỏi vùng Vịnh&#xD;
  - &#xD;
  - Iran tuyên bố 'còn đáng kể tên lửa chưa dùng'&#xD;
  - &#xD;
  - TP HCM thu hút gần tỷ USD đầu tư trung tâm dữ liệu&#xD;
  - Chủ tịch Nam Long lý giải 'giá cổ phiếu 5 năm chưa đột phá'&#xD;
  - CEO Techcombank: Các khoản vay bất động sản rủi ro thấp&#xD;
  - &#xD;
  - Công ty nông nghiệp của ông Trần Bá Dương sắp hết lỗ&#xD;
  - &#xD;
  - Siêu đô thị 6.200 ha nằm cạnh ga đường sắt cao tốc đầu tiên của Việt Nam&#xD;
  - 23&#xD;
  - Bỏ ngưỡng chịu thuế 500 triệu đồng với hộ kinh doanh&#xD;
  - 178&#xD;
  - WMO: El Nino có thể quay lại vào tháng 5&#xD;
  - &#xD;
  - Sếp Viglacera: Sẽ nghiên cứu làm nhà thương mại giá rẻ&#xD;
  - Doanh nghiệp địa ốc đóng cửa tăng gấp đôi&#xD;
  - Bất động sản công nghiệp phía Nam hút dòng FDI chất lượng&#xD;
  - &#xD;
  - Biệt thự ẩn mình giữa rừng với bể bơi ở tẩng hầm&#xD;
  - &#xD;
  - Cát Bà hưởng lợi từ di sản và hạ tầng kết nối&#xD;
  - &#xD;
  - HLV 33 tuổi có thể chặn đứng giấc mơ ăn ba của Man City&#xD;
  - Doku: 'Cải thiện khâu ghi bàn, tôi sẽ là tiền đạo cánh hay nhất'&#xD;
  - Báo AS: 'Real giờ cứ như gánh xiếc rong'&#xD;
  - 17&#xD;
  - HLV Flick: 'Yamal cần rút ra bài học từ chấn thương'&#xD;
  - &#xD;
  - Cầu thủ kỳ thị Vinicius nguy cơ nghỉ World Cup 2026&#xD;
  - &#xD;
  - 'Michael' - ông hoàng cô đơn&#xD;
  - Sách&#xD;
  - '100 cái chân' - sống là sự cho đi&#xD;
  - Kim Huyền ở thuê, sống một mình&#xD;
  - 10&#xD;
  - Bốn anh em nói bị Michael Jackson 'lạm dụng, tẩy não'&#xD;
  - &#xD;
  - Hôn nhân 'thiên vương' Quách Phú Thành và vợ kém 22 tuổi&#xD;
  - &#xD;
  - Gia đình bị buộc đào xe Mercedes chôn theo người chết&#xD;
  - 9 dấu hiệu cho thấy bạn nên chấm dứt mối quan hệ&#xD;
  - Vì sao chữ bác sĩ khó đọc?&#xD;
  - 17&#xD;
  - Làng nhà siêu nhỏ - bến đỗ cho phụ nữ ly hôn&#xD;
  - &#xD;
  - Nền kinh tế tỷ USD trong khu ổ chuột lớn nhất châu Á&#xD;
  - &#xD;
  - Nước nào có tên gọi chính thức ngắn nhất Đông Nam Á?&#xD;
  - Học sinh thi lớp 10 ở Hà Nội năm 2027 tăng 'phi mã'&#xD;
  - Nhiều sinh viên chọn sai ngành vì 'chỉ nghe theo bố mẹ'&#xD;
  - 33&#xD;
  - Sinh viên bức xúc vì bị 'ép' tham gia câu lạc bộ&#xD;
  - 34&#xD;
  - Cô giáo phạt học trò bằng kim tiêm bị cảnh cáo, dừng đứng lớp&#xD;
  - 53</StdOut>
      </Output>
    </UnitTestResult>
    <UnitTestResult executionId="dbb05814-c927-481e-95c5-6b434187e279" testId="fc1c6ec1-1655-f200-daff-e2fab12e447c" testName="TC06_Filter_ChuyenMucTheThao" computerName="LAPTOP-OVJCF5S1" duration="00:00:12.0717100" startTime="2026-04-25T19:59:27.2294689+07:00" endTime="2026-04-25T19:59:39.3011787+07:00" testType="13cdc9d9-ddb5-4fa4-a97d-d965ccfc6d4b" outcome="Passed" testListId="8c84fa94-04c1-424b-9868-57a2d4851a1d" relativeResultsDirectory="dbb05814-c927-481e-95c5-6b434187e279">
      <Output>
        <StdOut>[TC06 PASS] Chuyên mục Thể thao hiển thị 98 bài. URL: https://vnexpress.net/the-thao</StdOut>
      </Output>
    </UnitTestResult>
    <UnitTestResult executionId="625c5a7e-701c-4697-a80e-49f9cd4ba6f7" testId="6e5c7170-1fe3-4de6-cc5c-89874330c700" testName="TC05_Filter_ChuyenMucThoiSu" computerName="LAPTOP-OVJCF5S1" duration="00:00:14.3880210" startTime="2026-04-25T19:59:12.8413889+07:00" endTime="2026-04-25T19:59:27.2294088+07:00" testType="13cdc9d9-ddb5-4fa4-a97d-d965ccfc6d4b" outcome="Passed" testListId="8c84fa94-04c1-424b-9868-57a2d4851a1d" relativeResultsDirectory="625c5a7e-701c-4697-a80e-49f9cd4ba6f7">
      <Output>
        <StdOut>[TC05 PASS] Chuyên mục Thời sự hiển thị 104 bài. URL: https://vnexpress.net/thoi-su</StdOut>
      </Output>
    </UnitTestResult>
    <UnitTestResult executionId="082e410b-2695-4856-a906-2ffa4c485df4" testId="d6712de3-b25f-96fb-acec-7feaac0c3db4" testName="TC03_TimKiem_KeywordRong" computerName="LAPTOP-OVJCF5S1" duration="00:00:11.3113450" startTime="2026-04-25T19:58:49.4638288+07:00" endTime="2026-04-25T19:59:00.7751732+07:00" testType="13cdc9d9-ddb5-4fa4-a97d-d965ccfc6d4b" outcome="Passed" testListId="8c84fa94-04c1-424b-9868-57a2d4851a1d" relativeResultsDirectory="082e410b-2695-4856-a906-2ffa4c485df4">
      <Output>
        <StdOut>[TC03 PASS] Tìm kiếm keyword rỗng không gây crash. URL: https://vnexpress.net/</StdOut>
      </Output>
    </UnitTestResult>
    <UnitTestResult executionId="390c7863-b3c1-4f4d-b6a7-2a02ce267fe4" testId="87e572af-5cf7-f6e4-782d-529ca4d6d768" testName="TC04_TimKiem_KeywordDai" computerName="LAPTOP-OVJCF5S1" duration="00:00:12.0660800" startTime="2026-04-25T19:59:00.7752473+07:00" endTime="2026-04-25T19:59:12.8413269+07:00" testType="13cdc9d9-ddb5-4fa4-a97d-d965ccfc6d4b" outcome="Passed" testListId="8c84fa94-04c1-424b-9868-57a2d4851a1d" relativeResultsDirectory="390c7863-b3c1-4f4d-b6a7-2a02ce267fe4">
      <Output>
        <StdOut>[TC04 PASS] Keyword dài 200 ký tự xử lý bình thường. URL: https://vnexpress.net/</StdOut>
      </Output>
    </UnitTestResult>
    <UnitTestResult executionId="bf3812c2-8eac-4c4f-bfb1-0a85116e442c" testId="9e7e4435-9b53-b424-2e4f-ad29df8fd6ba" testName="TC07_DocBai_ChiTietBaiViet" computerName="LAPTOP-OVJCF5S1" duration="00:00:36.2447680" startTime="2026-04-25T19:59:39.3012144+07:00" endTime="2026-04-25T20:00:15.5459807+07:00" testType="13cdc9d9-ddb5-4fa4-a97d-d965ccfc6d4b" outcome="Failed" testListId="8c84fa94-04c1-424b-9868-57a2d4851a1d" relativeResultsDirectory="bf3812c2-8eac-4c4f-bfb1-0a85116e442c">
      <Output>
        <StdOut>Đang click vào bài: Chuyên gia thám hiểm đu dây xuống hang động mới phát hiện&#xD;
Link bài viết: https://vnexpress.net/chuyen-gia-tham-hiem-du-day-xuong-hang-dong-moi-phat-hien-5067034.html&#xD;
Screenshot saved: C:\Users\ASUS\Desktop\KiemThuPM\bin\Debug\net6.0\artifacts\selenium-failures\TC07_DocBai_ChiTietBaiViet_20260425_200015.png</StdOut>
        <ErrorInfo>
          <Message>OpenQA.Selenium.WebDriverTimeoutException : Timed out after 15 seconds&#xD;
  ----&gt; OpenQA.Selenium.NoSuchElementException : no such element: Unable to locate element: {"method":"css selector","selector":"h1.title-detail, h1.heading-title, article h1, h1"}&#xD;
  (Session info: MicrosoftEdge=147.0.3912.72); For documentation on this error, please visit: https://www.selenium.dev/documentation/webdriver/troubleshooting/errors#no-such-element-exception</Message>
          <StackTrace>   at OpenQA.Selenium.Support.UI.DefaultWait`1.ThrowTimeoutException(String exceptionMessage, Exception lastException)&#xD;
   at OpenQA.Selenium.Support.UI.DefaultWait`1.Until[TResult](Func`2 condition, CancellationToken token)&#xD;
   at OpenQA.Selenium.Support.UI.DefaultWait`1.Until[TResult](Func`2 condition)&#xD;
   at VnExpressSeleniumTests.VnExpressTests.TC07_DocBai_ChiTietBaiViet() in C:\Users\ASUS\Desktop\KiemThuPM\VnExpressTests.cs:line 358&#xD;
--NoSuchElementException&#xD;
   at OpenQA.Selenium.WebDriver.UnpackAndThrowOnError(Response errorResponse, String commandToExecute)&#xD;
   at OpenQA.Selenium.WebDriver.Execute(String driverCommandToExecute, Dictionary`2 parameters)&#xD;
   at OpenQA.Selenium.WebDriver.FindElement(String mechanism, String value)&#xD;
   at OpenQA.Selenium.By.&lt;.ctor&gt;b__11_0(ISearchContext context)&#xD;
   at OpenQA.Selenium.By.FindElement(ISearchContext context)&#xD;
   at OpenQA.Selenium.WebDriver.FindElement(By by)&#xD;
   at SeleniumExtras.WaitHelpers.ExpectedConditions.&lt;&gt;c__DisplayClass7_0.&lt;ElementIsVisible&gt;b__0(IWebDriver driver)&#xD;
   at OpenQA.Selenium.Support.UI.DefaultWait`1.Until[TResult](Func`2 condition, CancellationToken token)
</StackTrace>
        </ErrorInfo>
      </Output>
    </UnitTestResult>
    <UnitTestResult executionId="a256231f-7006-4775-ae9f-20559fd86e09" testId="f22e55c7-4578-5a51-dd51-7d7f413f0810" testName="TC01_TrangChu_TaiThanhCong" computerName="LAPTOP-OVJCF5S1" duration="00:00:07.4891700" startTime="2026-04-25T19:58:30.7354974+07:00" endTime="2026-04-25T19:58:38.2245783+07:00" testType="13cdc9d9-ddb5-4fa4-a97d-d965ccfc6d4b" outcome="Passed" testListId="8c84fa94-04c1-424b-9868-57a2d4851a1d" relativeResultsDirectory="a256231f-7006-4775-ae9f-20559fd86e09">
      <Output>
        <StdOut>[TC01 PASS] Trang chủ tải thành công. Title: Báo VnExpress - Báo tiếng Việt nhiều người xem nhất</StdOut>
      </Output>
    </UnitTestResult>
  </Results>
  <TestDefinitions>
    <UnitTest name="TC06_Filter_ChuyenMucTheThao" storage="c:\users\asus\desktop\kiemthupm\bin\debug\net6.0\seleniumvnexpress.dll" id="fc1c6ec1-1655-f200-daff-e2fab12e447c">
      <Execution id="dbb05814-c927-481e-95c5-6b434187e279" />
      <TestMethod codeBase="C:\Users\ASUS\Desktop\KiemThuPM\bin\Debug\net6.0\SeleniumVnExpress.dll" adapterTypeName="executor://nunit3testexecutor/" className="VnExpressSeleniumTests.VnExpressTests" name="TC06_Filter_ChuyenMucTheThao" />
    </UnitTest>
    <UnitTest name="TC05_Filter_ChuyenMucThoiSu" storage="c:\users\asus\desktop\kiemthupm\bin\debug\net6.0\seleniumvnexpress.dll" id="6e5c7170-1fe3-4de6-cc5c-89874330c700">
      <Execution id="625c5a7e-701c-4697-a80e-49f9cd4ba6f7" />
      <TestMethod codeBase="C:\Users\ASUS\Desktop\KiemThuPM\bin\Debug\net6.0\SeleniumVnExpress.dll" adapterTypeName="executor://nunit3testexecutor/" className="VnExpressSeleniumTests.VnExpressTests" name="TC05_Filter_ChuyenMucThoiSu" />
    </UnitTest>
    <UnitTest name="TC08_PhanTrang_TrangTiepTheo" storage="c:\users\asus\desktop\kiemthupm\bin\debug\net6.0\seleniumvnexpress.dll" id="154a160a-972a-639c-d947-0d8f55eb9586">
      <Execution id="a4774cda-a7d0-4979-8fd4-2819d9380df2" />
      <TestMethod codeBase="C:\Users\ASUS\Desktop\KiemThuPM\bin\Debug\net6.0\SeleniumVnExpress.dll" adapterTypeName="executor://nunit3testexecutor/" className="VnExpressSeleniumTests.VnExpressTests" name="TC08_PhanTrang_TrangTiepTheo" />
    </UnitTest>
    <UnitTest name="TC04_TimKiem_KeywordDai" storage="c:\users\asus\desktop\kiemthupm\bin\debug\net6.0\seleniumvnexpress.dll" id="87e572af-5cf7-f6e4-782d-529ca4d6d768">
      <Execution id="390c7863-b3c1-4f4d-b6a7-2a02ce267fe4" />
      <TestMethod codeBase="C:\Users\ASUS\Desktop\KiemThuPM\bin\Debug\net6.0\SeleniumVnExpress.dll" adapterTypeName="executor://nunit3testexecutor/" className="VnExpressSeleniumTests.VnExpressTests" name="TC04_TimKiem_KeywordDai" />
    </UnitTest>
    <UnitTest name="TC10_TimKiem_KyTuDacBiet" storage="c:\users\asus\desktop\kiemthupm\bin\debug\net6.0\seleniumvnexpress.dll" id="5bf8aa18-7fa8-617e-2091-f065680a8c6e">
      <Execution id="7792474c-164b-4247-8aa0-bb4dcf6c9334" />
      <TestMethod codeBase="C:\Users\ASUS\Desktop\KiemThuPM\bin\Debug\net6.0\SeleniumVnExpress.dll" adapterTypeName="executor://nunit3testexecutor/" className="VnExpressSeleniumTests.VnExpressTests" name="TC10_TimKiem_KyTuDacBiet" />
    </UnitTest>
    <UnitTest name="TC03_TimKiem_KeywordRong" storage="c:\users\asus\desktop\kiemthupm\bin\debug\net6.0\seleniumvnexpress.dll" id="d6712de3-b25f-96fb-acec-7feaac0c3db4">
      <Execution id="082e410b-2695-4856-a906-2ffa4c485df4" />
      <TestMethod codeBase="C:\Users\ASUS\Desktop\KiemThuPM\bin\Debug\net6.0\SeleniumVnExpress.dll" adapterTypeName="executor://nunit3testexecutor/" className="VnExpressSeleniumTests.VnExpressTests" name="TC03_TimKiem_KeywordRong" />
    </UnitTest>
    <UnitTest name="TC07_DocBai_ChiTietBaiViet" storage="c:\users\asus\desktop\kiemthupm\bin\debug\net6.0\seleniumvnexpress.dll" id="9e7e4435-9b53-b424-2e4f-ad29df8fd6ba">
      <Execution id="bf3812c2-8eac-4c4f-bfb1-0a85116e442c" />
      <TestMethod codeBase="C:\Users\ASUS\Desktop\KiemThuPM\bin\Debug\net6.0\SeleniumVnExpress.dll" adapterTypeName="executor://nunit3testexecutor/" className="VnExpressSeleniumTests.VnExpressTests" name="TC07_DocBai_ChiTietBaiViet" />
    </UnitTest>
    <UnitTest name="TC09_TimKiem_KetQuaDungChuDe" storage="c:\users\asus\desktop\kiemthupm\bin\debug\net6.0\seleniumvnexpress.dll" id="c55bb59e-57e4-9023-fa29-7801336fb535">
      <Execution id="9b2dd3f2-73a2-4a76-a951-8ce4c0963a9d" />
      <TestMethod codeBase="C:\Users\ASUS\Desktop\KiemThuPM\bin\Debug\net6.0\SeleniumVnExpress.dll" adapterTypeName="executor://nunit3testexecutor/" className="VnExpressSeleniumTests.VnExpressTests" name="TC09_TimKiem_KetQuaDungChuDe" />
    </UnitTest>
    <UnitTest name="TC01_TrangChu_TaiThanhCong" storage="c:\users\asus\desktop\kiemthupm\bin\debug\net6.0\seleniumvnexpress.dll" id="f22e55c7-4578-5a51-dd51-7d7f413f0810">
      <Execution id="a256231f-7006-4775-ae9f-20559fd86e09" />
      <TestMethod codeBase="C:\Users\ASUS\Desktop\KiemThuPM\bin\Debug\net6.0\SeleniumVnExpress.dll" adapterTypeName="executor://nunit3testexecutor/" className="VnExpressSeleniumTests.VnExpressTests" name="TC01_TrangChu_TaiThanhCong" />
    </UnitTest>
    <UnitTest name="TC02_TimKiem_TuKhoaHopLe" storage="c:\users\asus\desktop\kiemthupm\bin\debug\net6.0\seleniumvnexpress.dll" id="8153e881-2237-a56d-73b6-ee21bacbb2be">
      <Execution id="81416465-01d4-4a7d-a25d-c259fbe85662" />
      <TestMethod codeBase="C:\Users\ASUS\Desktop\KiemThuPM\bin\Debug\net6.0\SeleniumVnExpress.dll" adapterTypeName="executor://nunit3testexecutor/" className="VnExpressSeleniumTests.VnExpressTests" name="TC02_TimKiem_TuKhoaHopLe" />
    </UnitTest>
  </TestDefinitions>
  <TestEntries>
    <TestEntry testId="154a160a-972a-639c-d947-0d8f55eb9586" executionId="a4774cda-a7d0-4979-8fd4-2819d9380df2" testListId="8c84fa94-04c1-424b-9868-57a2d4851a1d" />
    <TestEntry testId="5bf8aa18-7fa8-617e-2091-f065680a8c6e" executionId="7792474c-164b-4247-8aa0-bb4dcf6c9334" testListId="8c84fa94-04c1-424b-9868-57a2d4851a1d" />
    <TestEntry testId="8153e881-2237-a56d-73b6-ee21bacbb2be" executionId="81416465-01d4-4a7d-a25d-c259fbe85662" testListId="8c84fa94-04c1-424b-9868-57a2d4851a1d" />
    <TestEntry testId="c55bb59e-57e4-9023-fa29-7801336fb535" executionId="9b2dd3f2-73a2-4a76-a951-8ce4c0963a9d" testListId="8c84fa94-04c1-424b-9868-57a2d4851a1d" />
    <TestEntry testId="fc1c6ec1-1655-f200-daff-e2fab12e447c" executionId="dbb05814-c927-481e-95c5-6b434187e279" testListId="8c84fa94-04c1-424b-9868-57a2d4851a1d" />
    <TestEntry testId="6e5c7170-1fe3-4de6-cc5c-89874330c700" executionId="625c5a7e-701c-4697-a80e-49f9cd4ba6f7" testListId="8c84fa94-04c1-424b-9868-57a2d4851a1d" />
    <TestEntry testId="d6712de3-b25f-96fb-acec-7feaac0c3db4" executionId="082e410b-2695-4856-a906-2ffa4c485df4" testListId="8c84fa94-04c1-424b-9868-57a2d4851a1d" />
    <TestEntry testId="87e572af-5cf7-f6e4-782d-529ca4d6d768" executionId="390c7863-b3c1-4f4d-b6a7-2a02ce267fe4" testListId="8c84fa94-04c1-424b-9868-57a2d4851a1d" />
    <TestEntry testId="9e7e4435-9b53-b424-2e4f-ad29df8fd6ba" executionId="bf3812c2-8eac-4c4f-bfb1-0a85116e442c" testListId="8c84fa94-04c1-424b-9868-57a2d4851a1d" />
    <TestEntry testId="f22e55c7-4578-5a51-dd51-7d7f413f0810" executionId="a256231f-7006-4775-ae9f-20559fd86e09" testListId="8c84fa94-04c1-424b-9868-57a2d4851a1d" />
  </TestEntries>
  <TestLists>
    <TestList name="Results Not in a List" id="8c84fa94-04c1-424b-9868-57a2d4851a1d" />
    <TestList name="All Loaded Results" id="19431567-8539-422a-85d7-44ee4e166bda" />
  </TestLists>
  <ResultSummary outcome="Failed">
    <Counters total="10" executed="10" passed="9" failed="1" error="0" timeout="0" aborted="0" inconclusive="0" passedButRunAborted="0" notRunnable="0" notExecuted="0" disconnected="0" warning="0" completed="0" inProgress="0" pending="0" />
    <Output>
      <StdOut>NUnit Adapter 4.4.0.0: Test execution started&#xD;
Running selected tests in C:\Users\ASUS\Desktop\KiemThuPM\bin\Debug\net6.0\SeleniumVnExpress.dll&#xD;
   NUnit3TestExecutor discovered 10 of 10 NUnit test cases using Current Discovery mode, Non-Explicit run&#xD;
Starting msedgedriver 146.0.3856.20 (699fe853158741282613629fd8527bae31e47c1f) on port 53372&#xD;
To submit feedback, report a bug, or suggest new features, please visit https://github.com/MicrosoftEdge/EdgeWebDriver&#xD;
Only local connections are allowed.&#xD;
Please see https://aka.ms/WebDriverSecurity for suggestions on keeping Microsoft Edge WebDriver safe.&#xD;
msedgedriver was started successfully on port 53372.&#xD;
[1777121911.475][WARNING]: This version of Microsoft Edge WebDriver has not been tested with Microsoft Edge version 147.&#xD;
Starting msedgedriver 146.0.3856.20 (699fe853158741282613629fd8527bae31e47c1f) on port 51255&#xD;
To submit feedback, report a bug, or suggest new features, please visit https://github.com/MicrosoftEdge/EdgeWebDriver&#xD;
Only local connections are allowed.&#xD;
Please see https://aka.ms/WebDriverSecurity for suggestions on keeping Microsoft Edge WebDriver safe.&#xD;
msedgedriver was started successfully on port 51255.&#xD;
[1777121919.306][WARNING]: This version of Microsoft Edge WebDriver has not been tested with Microsoft Edge version 147.&#xD;
Starting msedgedriver 146.0.3856.20 (699fe853158741282613629fd8527bae31e47c1f) on port 56840&#xD;
To submit feedback, report a bug, or suggest new features, please visit https://github.com/MicrosoftEdge/EdgeWebDriver&#xD;
Only local connections are allowed.&#xD;
Please see https://aka.ms/WebDriverSecurity for suggestions on keeping Microsoft Edge WebDriver safe.&#xD;
msedgedriver was started successfully on port 56840.&#xD;
[1777121930.560][WARNING]: This version of Microsoft Edge WebDriver has not been tested with Microsoft Edge version 147.&#xD;
Starting msedgedriver 146.0.3856.20 (699fe853158741282613629fd8527bae31e47c1f) on port 50261&#xD;
To submit feedback, report a bug, or suggest new features, please visit https://github.com/MicrosoftEdge/EdgeWebDriver&#xD;
Only local connections are allowed.&#xD;
Please see https://aka.ms/WebDriverSecurity for suggestions on keeping Microsoft Edge WebDriver safe.&#xD;
msedgedriver was started successfully on port 50261.&#xD;
[1777121941.878][WARNING]: This version of Microsoft Edge WebDriver has not been tested with Microsoft Edge version 147.&#xD;
Starting msedgedriver 146.0.3856.20 (699fe853158741282613629fd8527bae31e47c1f) on port 63401&#xD;
To submit feedback, report a bug, or suggest new features, please visit https://github.com/MicrosoftEdge/EdgeWebDriver&#xD;
Only local connections are allowed.&#xD;
Please see https://aka.ms/WebDriverSecurity for suggestions on keeping Microsoft Edge WebDriver safe.&#xD;
msedgedriver was started successfully on port 63401.&#xD;
[1777121953.933][WARNING]: This version of Microsoft Edge WebDriver has not been tested with Microsoft Edge version 147.&#xD;
Starting msedgedriver 146.0.3856.20 (699fe853158741282613629fd8527bae31e47c1f) on port 65256&#xD;
To submit feedback, report a bug, or suggest new features, please visit https://github.com/MicrosoftEdge/EdgeWebDriver&#xD;
Only local connections are allowed.&#xD;
Please see https://aka.ms/WebDriverSecurity for suggestions on keeping Microsoft Edge WebDriver safe.&#xD;
msedgedriver was started successfully on port 65256.&#xD;
[1777121968.323][WARNING]: This version of Microsoft Edge WebDriver has not been tested with Microsoft Edge version 147.&#xD;
Starting msedgedriver 146.0.3856.20 (699fe853158741282613629fd8527bae31e47c1f) on port 50569&#xD;
To submit feedback, report a bug, or suggest new features, please visit https://github.com/MicrosoftEdge/EdgeWebDriver&#xD;
Only local connections are allowed.&#xD;
Please see https://aka.ms/WebDriverSecurity for suggestions on keeping Microsoft Edge WebDriver safe.&#xD;
msedgedriver was started successfully on port 50569.&#xD;
[1777121980.386][WARNING]: This version of Microsoft Edge WebDriver has not been tested with Microsoft Edge version 147.&#xD;
Starting msedgedriver 146.0.3856.20 (699fe853158741282613629fd8527bae31e47c1f) on port 56868&#xD;
To submit feedback, report a bug, or suggest new features, please visit https://github.com/MicrosoftEdge/EdgeWebDriver&#xD;
Only local connections are allowed.&#xD;
Please see https://aka.ms/WebDriverSecurity for suggestions on keeping Microsoft Edge WebDriver safe.&#xD;
msedgedriver was started successfully on port 56868.&#xD;
[1777122016.722][WARNING]: This version of Microsoft Edge WebDriver has not been tested with Microsoft Edge version 147.&#xD;
Starting msedgedriver 146.0.3856.20 (699fe853158741282613629fd8527bae31e47c1f) on port 61385&#xD;
To submit feedback, report a bug, or suggest new features, please visit https://github.com/MicrosoftEdge/EdgeWebDriver&#xD;
Only local connections are allowed.&#xD;
Please see https://aka.ms/WebDriverSecurity for suggestions on keeping Microsoft Edge WebDriver safe.&#xD;
msedgedriver was started successfully on port 61385.&#xD;
[1777122035.250][WARNING]: This version of Microsoft Edge WebDriver has not been tested with Microsoft Edge version 147.&#xD;
Starting msedgedriver 146.0.3856.20 (699fe853158741282613629fd8527bae31e47c1f) on port 58214&#xD;
To submit feedback, report a bug, or suggest new features, please visit https://github.com/MicrosoftEdge/EdgeWebDriver&#xD;
Only local connections are allowed.&#xD;
Please see https://aka.ms/WebDriverSecurity for suggestions on keeping Microsoft Edge WebDriver safe.&#xD;
msedgedriver was started successfully on port 58214.&#xD;
[1777122047.596][WARNING]: This version of Microsoft Edge WebDriver has not been tested with Microsoft Edge version 147.&#xD;
NUnit Adapter 4.4.0.0: Test execution complete&#xD;
</StdOut>
    </Output>
    <RunInfos>
      <RunInfo computerName="LAPTOP-OVJCF5S1" outcome="Warning" timestamp="2026-04-25T19:58:38.2384424+07:00">
        <Text>[TC01 PASS] Trang chủ tải thành công. Title: Báo VnExpress - Báo tiếng Việt nhiều người xem nhất&#xD;
</Text>
      </RunInfo>
      <RunInfo computerName="LAPTOP-OVJCF5S1" outcome="Warning" timestamp="2026-04-25T19:58:49.4650207+07:00">
        <Text>[TC02 PASS] Tìm kiếm 'bóng đá' trả về 71 kết quả.&#xD;
</Text>
      </RunInfo>
      <RunInfo computerName="LAPTOP-OVJCF5S1" outcome="Warning" timestamp="2026-04-25T19:59:00.7771213+07:00">
        <Text>[TC03 PASS] Tìm kiếm keyword rỗng không gây crash. URL: https://vnexpress.net/&#xD;
</Text>
      </RunInfo>
      <RunInfo computerName="LAPTOP-OVJCF5S1" outcome="Warning" timestamp="2026-04-25T19:59:12.8426840+07:00">
        <Text>[TC04 PASS] Keyword dài 200 ký tự xử lý bình thường. URL: https://vnexpress.net/&#xD;
</Text>
      </RunInfo>
      <RunInfo computerName="LAPTOP-OVJCF5S1" outcome="Warning" timestamp="2026-04-25T19:59:27.2308532+07:00">
        <Text>[TC05 PASS] Chuyên mục Thời sự hiển thị 104 bài. URL: https://vnexpress.net/thoi-su&#xD;
</Text>
      </RunInfo>
      <RunInfo computerName="LAPTOP-OVJCF5S1" outcome="Warning" timestamp="2026-04-25T19:59:39.3021715+07:00">
        <Text>[TC06 PASS] Chuyên mục Thể thao hiển thị 98 bài. URL: https://vnexpress.net/the-thao&#xD;
</Text>
      </RunInfo>
      <RunInfo computerName="LAPTOP-OVJCF5S1" outcome="Warning" timestamp="2026-04-25T20:00:15.5488521+07:00">
        <Text>Đang click vào bài: Chuyên gia thám hiểm đu dây xuống hang động mới phát hiện&#xD;
Link bài viết: https://vnexpress.net/chuyen-gia-tham-hiem-du-day-xuong-hang-dong-moi-phat-hien-5067034.html&#xD;
Screenshot saved: C:\Users\ASUS\Desktop\KiemThuPM\bin\Debug\net6.0\artifacts\selenium-failures\TC07_DocBai_ChiTietBaiViet_20260425_200015.png&#xD;
</Text>
      </RunInfo>
      <RunInfo computerName="LAPTOP-OVJCF5S1" outcome="Warning" timestamp="2026-04-25T20:00:34.1451872+07:00">
        <Text>[TC08 PASS] Phân trang hoạt động. URL trang 2: https://vnexpress.net/thoi-su-p2&#xD;
</Text>
      </RunInfo>
      <RunInfo computerName="LAPTOP-OVJCF5S1" outcome="Warning" timestamp="2026-04-25T20:00:46.4998649+07:00">
        <Text>[TC09 PASS] Tìm kiếm 'COVID' trả về 86 kết quả.&#xD;
  - Hành trình bất bại của Việt Nam khi vô địch U17 Đông Nam Á&#xD;
  - Quê quán và định kiến vùng miền&#xD;
  - Chuyên gia thám hiểm đu dây xuống hang động mới phát hiện&#xD;
  - Biển người xếp hàng ở cửa khẩu chờ đi du lịch Trung Quốc&#xD;
  - Phát hiện rìu đá 6.000 năm tuổi ở Quảng Trị&#xD;
  - Lật xe chở 39 hành khách&#xD;
  - Bộ Công an đề xuất tách riêng tội 'hàng kém chất lượng'&#xD;
  - Nghi án nữ tiểu thương bị sát hại trên đường&#xD;
  - Ukraine để lọt toàn bộ tên lửa Iskander trong đòn tập kích của Nga&#xD;
  - Tổng Bí thư, Chủ tịch nước: 'Đà Nẵng cần trở thành cực tăng trưởng mới'&#xD;
  - Đà Nẵng khởi công 'siêu cảng' container 2 tỷ USD&#xD;
  - Giới trẻ mặc giáp binh thời Lý - Trần diễu hành tại Thảo Cầm Viên&#xD;
  - Những ngày Trung Đông rung chuyển trong chiến sự Iran&#xD;
  - Mô hình iPhone gập so dáng cùng thiết bị Apple&#xD;
  - Tốt nghiệp sớm, nữ sinh 22 tuổi thẳng tiến đại học top 8 thế giới&#xD;
  - Hà Nội sẽ bắn pháo hoa tối 28/4&#xD;
  - Hơn 30 thiếu niên cầm đao kiếm đuổi đánh người đi đường&#xD;
  - Google sẽ đầu tư 40 tỷ USD vào Anthropic&#xD;
  - Trả giá vì 'đu trend' leo núi chữa lành&#xD;
  - Lần đầu trưng bày 20 bức tranh của vua Hàm Nghi ở Hà Nội&#xD;
  - &#xD;
  - &#xD;
  - &#xD;
  - &#xD;
  - &#xD;
  - Những ngôi làng thành bình địa ở Lebanon sau chiến dịch của Israel&#xD;
  - Mỹ nói thời kỳ đồng minh 'ăn theo' đã chấm dứt&#xD;
  - Israel - Hezbollah giao tranh giữa lệnh ngừng bắn&#xD;
  - &#xD;
  - 40 nước ủng hộ kế hoạch sơ tán tàu khỏi vùng Vịnh&#xD;
  - &#xD;
  - Iran tuyên bố 'còn đáng kể tên lửa chưa dùng'&#xD;
  - &#xD;
  - TP HCM thu hút gần tỷ USD đầu tư trung tâm dữ liệu&#xD;
  - Chủ tịch Nam Long lý giải 'giá cổ phiếu 5 năm chưa đột phá'&#xD;
  - CEO Techcombank: Các khoản vay bất động sản rủi ro thấp&#xD;
  - &#xD;
  - Công ty nông nghiệp của ông Trần Bá Dương sắp hết lỗ&#xD;
  - &#xD;
  - Siêu đô thị 6.200 ha nằm cạnh ga đường sắt cao tốc đầu tiên của Việt Nam&#xD;
  - 23&#xD;
  - Bỏ ngưỡng chịu thuế 500 triệu đồng với hộ kinh doanh&#xD;
  - 178&#xD;
  - WMO: El Nino có thể quay lại vào tháng 5&#xD;
  - &#xD;
  - Sếp Viglacera: Sẽ nghiên cứu làm nhà thương mại giá rẻ&#xD;
  - Doanh nghiệp địa ốc đóng cửa tăng gấp đôi&#xD;
  - Bất động sản công nghiệp phía Nam hút dòng FDI chất lượng&#xD;
  - &#xD;
  - Biệt thự ẩn mình giữa rừng với bể bơi ở tẩng hầm&#xD;
  - &#xD;
  - Cát Bà hưởng lợi từ di sản và hạ tầng kết nối&#xD;
  - &#xD;
  - HLV 33 tuổi có thể chặn đứng giấc mơ ăn ba của Man City&#xD;
  - Doku: 'Cải thiện khâu ghi bàn, tôi sẽ là tiền đạo cánh hay nhất'&#xD;
  - Báo AS: 'Real giờ cứ như gánh xiếc rong'&#xD;
  - 17&#xD;
  - HLV Flick: 'Yamal cần rút ra bài học từ chấn thương'&#xD;
  - &#xD;
  - Cầu thủ kỳ thị Vinicius nguy cơ nghỉ World Cup 2026&#xD;
  - &#xD;
  - 'Michael' - ông hoàng cô đơn&#xD;
  - Sách&#xD;
  - '100 cái chân' - sống là sự cho đi&#xD;
  - Kim Huyền ở thuê, sống một mình&#xD;
  - 10&#xD;
  - Bốn anh em nói bị Michael Jackson 'lạm dụng, tẩy não'&#xD;
  - &#xD;
  - Hôn nhân 'thiên vương' Quách Phú Thành và vợ kém 22 tuổi&#xD;
  - &#xD;
  - Gia đình bị buộc đào xe Mercedes chôn theo người chết&#xD;
  - 9 dấu hiệu cho thấy bạn nên chấm dứt mối quan hệ&#xD;
  - Vì sao chữ bác sĩ khó đọc?&#xD;
  - 17&#xD;
  - Làng nhà siêu nhỏ - bến đỗ cho phụ nữ ly hôn&#xD;
  - &#xD;
  - Nền kinh tế tỷ USD trong khu ổ chuột lớn nhất châu Á&#xD;
  - &#xD;
  - Nước nào có tên gọi chính thức ngắn nhất Đông Nam Á?&#xD;
  - Học sinh thi lớp 10 ở Hà Nội năm 2027 tăng 'phi mã'&#xD;
  - Nhiều sinh viên chọn sai ngành vì 'chỉ nghe theo bố mẹ'&#xD;
  - 33&#xD;
  - Sinh viên bức xúc vì bị 'ép' tham gia câu lạc bộ&#xD;
  - 34&#xD;
  - Cô giáo phạt học trò bằng kim tiêm bị cảnh cáo, dừng đứng lớp&#xD;
  - 53&#xD;
</Text>
      </RunInfo>
      <RunInfo computerName="LAPTOP-OVJCF5S1" outcome="Warning" timestamp="2026-04-25T20:00:58.7794031+07:00">
        <Text>[TC10 PASS] Ký tự đặc biệt được xử lý an toàn. URL: https://vnexpress.net/&#xD;
</Text>
      </RunInfo>
    </RunInfos>
  </ResultSummary>
</TestRun>