<?xml version="1.0" encoding="utf-8"?>
<TestRun id="b8350a7c-aae5-40db-9435-d5f7007b3bb8" name="ASUS@LAPTOP-OVJCF5S1 2026-04-25 19:39:28" runUser="LAPTOP-OVJCF5S1\ASUS" xmlns="http://microsoft.com/schemas/VisualStudio/TeamTest/2010">
  <Times creation="2026-04-25T19:39:28.6995371+07:00" queuing="2026-04-25T19:39:28.6995375+07:00" start="2026-04-25T19:38:58.4703545+07:00" finish="2026-04-25T19:39:28.7238058+07:00" />
  <TestSettings name="default" id="3740a6de-1728-4aaa-b171-79bc295c311a">
    <Deployment runDeploymentRoot="ASUS_LAPTOP-OVJCF5S1_2026-04-25_19_39_28" />
  </TestSettings>
  <Results>
    <UnitTestResult executionId="be91b606-c953-4fa1-b99f-eac650a6d360" testId="9e7e4435-9b53-b424-2e4f-ad29df8fd6ba" testName="TC07_DocBai_ChiTietBaiViet" computerName="LAPTOP-OVJCF5S1" duration="00:00:29.4878380" startTime="2026-04-25T19:38:59.0771270+07:00" endTime="2026-04-25T19:39:28.5648630+07:00" testType="13cdc9d9-ddb5-4fa4-a97d-d965ccfc6d4b" outcome="Failed" testListId="8c84fa94-04c1-424b-9868-57a2d4851a1d" relativeResultsDirectory="be91b606-c953-4fa1-b99f-eac650a6d360">
      <Output>
        <StdOut>Đang click vào bài: Chuyên gia thám hiểm đu dây xuống hang động mới phát hiện&#xD;
Screenshot saved: C:\Users\ASUS\Desktop\KiemThuPM\bin\Debug\net6.0\artifacts\selenium-failures\TC07_DocBai_ChiTietBaiViet_20260425_193928.png</StdOut>
        <ErrorInfo>
          <Message>OpenQA.Selenium.WebDriverTimeoutException : Timed out after 15 seconds&#xD;
  ----&gt; OpenQA.Selenium.NoSuchElementException : no such element: Unable to locate element: {"method":"css selector","selector":"h1.title-detail, h1.heading-title, article h1"}&#xD;
  (Session info: MicrosoftEdge=147.0.3912.72); For documentation on this error, please visit: https://www.selenium.dev/documentation/webdriver/troubleshooting/errors#no-such-element-exception</Message>
          <StackTrace>   at OpenQA.Selenium.Support.UI.DefaultWait`1.ThrowTimeoutException(String exceptionMessage, Exception lastException)&#xD;
   at OpenQA.Selenium.Support.UI.DefaultWait`1.Until[TResult](Func`2 condition, CancellationToken token)&#xD;
   at OpenQA.Selenium.Support.UI.DefaultWait`1.Until[TResult](Func`2 condition)&#xD;
   at VnExpressSeleniumTests.VnExpressTests.TC07_DocBai_ChiTietBaiViet() in C:\Users\ASUS\Desktop\KiemThuPM\VnExpressTests.cs:line 304&#xD;
--NoSuchElementException&#xD;
   at OpenQA.Selenium.WebDriver.UnpackAndThrowOnError(Response errorResponse, String commandToExecute)&#xD;
   at OpenQA.Selenium.WebDriver.Execute(String driverCommandToExecute, Dictionary`2 parameters)&#xD;
   at OpenQA.Selenium.WebDriver.FindElement(String mechanism, String value)&#xD;
   at OpenQA.Selenium.By.&lt;.ctor&gt;b__11_0(ISearchContext context)&#xD;
   at OpenQA.Selenium.By.FindElement(ISearchContext context)&#xD;
   at OpenQA.Selenium.WebDriver.FindElement(By by)&#xD;
   at SeleniumExtras.WaitHelpers.ExpectedConditions.&lt;&gt;c__DisplayClass7_0.&lt;ElementIsVisible&gt;b__0(IWebDriver driver)&#xD;
   at OpenQA.Selenium.Support.UI.DefaultWait`1.Until[TResult](Func`2 condition, CancellationToken token)
</StackTrace>
        </ErrorInfo>
      </Output>
    </UnitTestResult>
  </Results>
  <TestDefinitions>
    <UnitTest name="TC07_DocBai_ChiTietBaiViet" storage="c:\users\asus\desktop\kiemthupm\bin\debug\net6.0\seleniumvnexpress.dll" id="9e7e4435-9b53-b424-2e4f-ad29df8fd6ba">
      <Execution id="be91b606-c953-4fa1-b99f-eac650a6d360" />
      <TestMethod codeBase="C:\Users\ASUS\Desktop\KiemThuPM\bin\Debug\net6.0\SeleniumVnExpress.dll" adapterTypeName="executor://nunit3testexecutor/" className="VnExpressSeleniumTests.VnExpressTests" name="TC07_DocBai_ChiTietBaiViet" />
    </UnitTest>
  </TestDefinitions>
  <TestEntries>
    <TestEntry testId="9e7e4435-9b53-b424-2e4f-ad29df8fd6ba" executionId="be91b606-c953-4fa1-b99f-eac650a6d360" testListId="8c84fa94-04c1-424b-9868-57a2d4851a1d" />
  </TestEntries>
  <TestLists>
    <TestList name="Results Not in a List" id="8c84fa94-04c1-424b-9868-57a2d4851a1d" />
    <TestList name="All Loaded Results" id="19431567-8539-422a-85d7-44ee4e166bda" />
  </TestLists>
  <ResultSummary outcome="Failed">
    <Counters total="1" executed="1" passed="0" failed="1" error="0" timeout="0" aborted="0" inconclusive="0" passedButRunAborted="0" notRunnable="0" notExecuted="0" disconnected="0" warning="0" completed="0" inProgress="0" pending="0" />
    <Output>
      <StdOut>NUnit Adapter 4.4.0.0: Test execution started&#xD;
Running selected tests in C:\Users\ASUS\Desktop\KiemThuPM\bin\Debug\net6.0\SeleniumVnExpress.dll&#xD;
   NUnit3TestExecutor discovered 1 of 1 NUnit test cases using Current Discovery mode, Non-Explicit run&#xD;
Starting msedgedriver 146.0.3856.20 (699fe853158741282613629fd8527bae31e47c1f) on port 64564&#xD;
To submit feedback, report a bug, or suggest new features, please visit https://github.com/MicrosoftEdge/EdgeWebDriver&#xD;
Only local connections are allowed.&#xD;
Please see https://aka.ms/WebDriverSecurity for suggestions on keeping Microsoft Edge WebDriver safe.&#xD;
msedgedriver was started successfully on port 64564.&#xD;
[1777120739.874][WARNING]: This version of Microsoft Edge WebDriver has not been tested with Microsoft Edge version 147.&#xD;
NUnit Adapter 4.4.0.0: Test execution complete&#xD;
</StdOut>
    </Output>
    <RunInfos>
      <RunInfo computerName="LAPTOP-OVJCF5S1" outcome="Warning" timestamp="2026-04-25T19:39:28.5893895+07:00">
        <Text>Đang click vào bài: Chuyên gia thám hiểm đu dây xuống hang động mới phát hiện&#xD;
Screenshot saved: C:\Users\ASUS\Desktop\KiemThuPM\bin\Debug\net6.0\artifacts\selenium-failures\TC07_DocBai_ChiTietBaiViet_20260425_193928.png&#xD;
</Text>
      </RunInfo>
    </RunInfos>
  </ResultSummary>
</TestRun>