<?xml version="1.0" encoding="utf-8"?>
<TestRun id="b4a7f0d0-a97c-4ff5-a595-91dbae91dee2" name="ASUS@LAPTOP-OVJCF5S1 2026-04-25 20:19:58" runUser="LAPTOP-OVJCF5S1\ASUS" xmlns="http://microsoft.com/schemas/VisualStudio/TeamTest/2010">
  <Times creation="2026-04-25T20:19:58.5591744+07:00" queuing="2026-04-25T20:19:58.5591748+07:00" start="2026-04-25T20:19:49.1688226+07:00" finish="2026-04-25T20:21:55.3161864+07:00" />
  <TestSettings name="default" id="89c2bfed-5fd8-4446-a53c-29fa313c08a7">
    <Deployment runDeploymentRoot="ASUS_LAPTOP-OVJCF5S1_2026-04-25_20_19_58" />
  </TestSettings>
  <Results>
    <UnitTestResult executionId="9a9fc5ca-7a4a-4621-bc37-86e3e9d29304" testId="c55bb59e-57e4-9023-fa29-7801336fb535" testName="TC09_TimKiem_KetQuaDungChuDe" computerName="LAPTOP-OVJCF5S1" duration="00:00:10.7543840" startTime="2026-04-25T20:21:34.1026239+07:00" endTime="2026-04-25T20:21:44.8570072+07:00" testType="13cdc9d9-ddb5-4fa4-a97d-d965ccfc6d4b" outcome="Failed" testListId="8c84fa94-04c1-424b-9868-57a2d4851a1d" relativeResultsDirectory="9a9fc5ca-7a4a-4621-bc37-86e3e9d29304">
      <Output>
        <StdOut>[20:21:35] [INFO] Test bắt đầu. FaultInjection=OFF&#xD;
[20:21:35] [INFO] Navigate: https://vnexpress.net&#xD;
[20:21:40] [INFO] Wait document ready: navigate to https://vnexpress.net&#xD;
[20:21:41] [INFO] Step screenshot saved: C:\Users\ASUS\Desktop\KiemThuPM\bin\Debug\net6.0\artifacts\selenium-steps\TC09_TimKiem_KetQuaDungChuDe_20260425_202134\01_00_home_loaded.png&#xD;
[20:21:41] [INFO] TC09 - Kiểm tra tính liên quan kết quả tìm kiếm&#xD;
[20:21:41] [INFO] Mở search box cho keyword: COVID&#xD;
[20:21:41] [INFO] Validate selector exists [search-toggle] =&gt; By.CssSelector: a.btn-search, .ic-search, [data-role='search-toggle']&#xD;
[20:21:41] [INFO] Wait clickable [search-toggle] =&gt; By.CssSelector: a.btn-search, .ic-search, [data-role='search-toggle']&#xD;
[20:21:41] [INFO] Step screenshot saved: C:\Users\ASUS\Desktop\KiemThuPM\bin\Debug\net6.0\artifacts\selenium-steps\TC09_TimKiem_KetQuaDungChuDe_20260425_202134\02_search_box_opened.png&#xD;
[20:21:41] [INFO] Validate selector exists [search-input] =&gt; By.CssSelector: input[type='search'], input[name='q'], .search-input&#xD;
[20:21:42] [INFO] Wait visible [search-input] =&gt; By.CssSelector: input[type='search'], input[name='q'], .search-input&#xD;
[20:21:42] [INFO] Step screenshot saved: C:\Users\ASUS\Desktop\KiemThuPM\bin\Debug\net6.0\artifacts\selenium-steps\TC09_TimKiem_KetQuaDungChuDe_20260425_202134\03_tc09_keyword_typed.png&#xD;
[20:21:42] [INFO] Wait document ready: TC09 search submit&#xD;
[20:21:42] [INFO] Wait elements [search-result-links] =&gt; By.CssSelector: h3.title-news a, article h2 a, .item-news h3 a, minCount=1&#xD;
Screenshot saved: C:\Users\ASUS\Desktop\KiemThuPM\bin\Debug\net6.0\artifacts\selenium-failures\TC09_TimKiem_KetQuaDungChuDe_20260425_202144.png</StdOut>
        <ErrorInfo>
          <Message>  Kết quả tìm kiếm phải có ít nhất 1 tiêu đề liên quan từ khóa&#xD;
  Expected: greater than 0&#xD;
  But was:  0&#xD;
</Message>
          <StackTrace>   at VnExpressSeleniumTests.VnExpressTests.TC09_TimKiem_KetQuaDungChuDe() in C:\Users\ASUS\Desktop\KiemThuPM\VnExpressTests.cs:line 838&#xD;

1)    at VnExpressSeleniumTests.VnExpressTests.TC09_TimKiem_KetQuaDungChuDe() in C:\Users\ASUS\Desktop\KiemThuPM\VnExpressTests.cs:line 838&#xD;

</StackTrace>
        </ErrorInfo>
      </Output>
    </UnitTestResult>
    <UnitTestResult executionId="3346d283-ef7c-4a97-a599-37eca7e438da" testId="d6712de3-b25f-96fb-acec-7feaac0c3db4" testName="TC03_TimKiem_KeywordRong" computerName="LAPTOP-OVJCF5S1" duration="00:00:12.2646599" startTime="2026-04-25T20:20:07.4579652+07:00" endTime="2026-04-25T20:20:19.7226246+07:00" testType="13cdc9d9-ddb5-4fa4-a97d-d965ccfc6d4b" outcome="Passed" testListId="8c84fa94-04c1-424b-9868-57a2d4851a1d" relativeResultsDirectory="3346d283-ef7c-4a97-a599-37eca7e438da">
      <Output>
        <StdOut>[20:20:08] [INFO] Test bắt đầu. FaultInjection=OFF&#xD;
[20:20:08] [INFO] Navigate: https://vnexpress.net&#xD;
[20:20:16] [INFO] Wait document ready: navigate to https://vnexpress.net&#xD;
[20:20:16] [INFO] Step screenshot saved: C:\Users\ASUS\Desktop\KiemThuPM\bin\Debug\net6.0\artifacts\selenium-steps\TC03_TimKiem_KeywordRong_20260425_202007\01_00_home_loaded.png&#xD;
[20:20:16] [INFO] TC03 - Tìm kiếm keyword rỗng&#xD;
[20:20:16] [INFO] Mở search box cho keyword: &lt;empty&gt;&#xD;
[20:20:16] [INFO] Validate selector exists [search-toggle] =&gt; By.CssSelector: a.btn-search, .ic-search, [data-role='search-toggle']&#xD;
[20:20:16] [INFO] Wait clickable [search-toggle] =&gt; By.CssSelector: a.btn-search, .ic-search, [data-role='search-toggle']&#xD;
[20:20:17] [INFO] Step screenshot saved: C:\Users\ASUS\Desktop\KiemThuPM\bin\Debug\net6.0\artifacts\selenium-steps\TC03_TimKiem_KeywordRong_20260425_202007\02_search_box_opened.png&#xD;
[20:20:17] [INFO] Validate selector exists [search-input] =&gt; By.CssSelector: input[type='search'], input[name='q'], .search-input&#xD;
[20:20:17] [INFO] Wait visible [search-input] =&gt; By.CssSelector: input[type='search'], input[name='q'], .search-input&#xD;
[20:20:18] [INFO] Step screenshot saved: C:\Users\ASUS\Desktop\KiemThuPM\bin\Debug\net6.0\artifacts\selenium-steps\TC03_TimKiem_KeywordRong_20260425_202007\03_tc03_empty_keyword_ready.png&#xD;
[20:20:18] [INFO] Wait document ready: TC03 search empty&#xD;
[20:20:19] [INFO] Step screenshot saved: C:\Users\ASUS\Desktop\KiemThuPM\bin\Debug\net6.0\artifacts\selenium-steps\TC03_TimKiem_KeywordRong_20260425_202007\04_tc03_empty_keyword_result.png&#xD;
[20:20:19] [INFO] [TC03 PASS] Tìm kiếm keyword rỗng không gây crash. URL: https://vnexpress.net/</StdOut>
      </Output>
    </UnitTestResult>
    <UnitTestResult executionId="e0d49dbd-2413-4f5e-b9c1-48e588b19319" testId="fc1c6ec1-1655-f200-daff-e2fab12e447c" testName="TC06_Filter_ChuyenMucTheThao" computerName="LAPTOP-OVJCF5S1" duration="00:00:08.6384230" startTime="2026-04-25T20:20:38.1718303+07:00" endTime="2026-04-25T20:20:46.8102606+07:00" testType="13cdc9d9-ddb5-4fa4-a97d-d965ccfc6d4b" outcome="Passed" testListId="8c84fa94-04c1-424b-9868-57a2d4851a1d" relativeResultsDirectory="e0d49dbd-2413-4f5e-b9c1-48e588b19319">
      <Output>
        <StdOut>[20:20:39] [INFO] Test bắt đầu. FaultInjection=OFF&#xD;
[20:20:39] [INFO] Navigate: https://vnexpress.net&#xD;
[20:20:43] [INFO] Wait document ready: navigate to https://vnexpress.net&#xD;
[20:20:43] [INFO] Step screenshot saved: C:\Users\ASUS\Desktop\KiemThuPM\bin\Debug\net6.0\artifacts\selenium-steps\TC06_Filter_ChuyenMucTheThao_20260425_202038\01_00_home_loaded.png&#xD;
[20:20:43] [INFO] TC06 - Filter chuyên mục Thể thao&#xD;
[20:20:43] [INFO] Validate selector exists [menu-the-thao] =&gt; By.XPath: //a[contains(@href, 'the-thao') and (contains(text(),'Thể thao') or contains(text(),'thể thao'))]&#xD;
[20:20:44] [INFO] Wait clickable [menu-the-thao] =&gt; By.XPath: //a[contains(@href, 'the-thao') and (contains(text(),'Thể thao') or contains(text(),'thể thao'))]&#xD;
[20:20:45] [INFO] Wait URL contains 'the-thao' (TC06 click menu Thể thao)&#xD;
[20:20:45] [INFO] Wait document ready: TC06 page loaded&#xD;
[20:20:45] [INFO] Wait elements [the-thao-articles] =&gt; By.CssSelector: article, .item-news, h3.title-news, minCount=1&#xD;
[20:20:45] [INFO] Wait first non-empty element from selector group: the-thao-heading&#xD;
[20:20:46] [INFO] Step screenshot saved: C:\Users\ASUS\Desktop\KiemThuPM\bin\Debug\net6.0\artifacts\selenium-steps\TC06_Filter_ChuyenMucTheThao_20260425_202038\02_tc06_the_thao_loaded.png&#xD;
[20:20:46] [INFO] [TC06 PASS] Chuyên mục Thể thao hiển thị 98 bài. URL: https://vnexpress.net/the-thao</StdOut>
      </Output>
    </UnitTestResult>
    <UnitTestResult executionId="0940758c-0556-434c-a49a-a86273b8294d" testId="6e5c7170-1fe3-4de6-cc5c-89874330c700" testName="TC05_Filter_ChuyenMucThoiSu" computerName="LAPTOP-OVJCF5S1" duration="00:00:08.6157790" startTime="2026-04-25T20:20:29.5542584+07:00" endTime="2026-04-25T20:20:38.1700372+07:00" testType="13cdc9d9-ddb5-4fa4-a97d-d965ccfc6d4b" outcome="Passed" testListId="8c84fa94-04c1-424b-9868-57a2d4851a1d" relativeResultsDirectory="0940758c-0556-434c-a49a-a86273b8294d">
      <Output>
        <StdOut>[20:20:30] [INFO] Test bắt đầu. FaultInjection=OFF&#xD;
[20:20:30] [INFO] Navigate: https://vnexpress.net&#xD;
[20:20:34] [INFO] Wait document ready: navigate to https://vnexpress.net&#xD;
[20:20:35] [INFO] Step screenshot saved: C:\Users\ASUS\Desktop\KiemThuPM\bin\Debug\net6.0\artifacts\selenium-steps\TC05_Filter_ChuyenMucThoiSu_20260425_202029\01_00_home_loaded.png&#xD;
[20:20:35] [INFO] TC05 - Filter chuyên mục Thời sự&#xD;
[20:20:35] [INFO] Validate selector exists [menu-thoi-su] =&gt; By.XPath: //a[contains(@href, 'thoi-su') and (contains(text(),'Thời sự') or contains(text(),'thời sự'))]&#xD;
[20:20:35] [INFO] Wait clickable [menu-thoi-su] =&gt; By.XPath: //a[contains(@href, 'thoi-su') and (contains(text(),'Thời sự') or contains(text(),'thời sự'))]&#xD;
[20:20:37] [INFO] Wait URL contains 'thoi-su' (TC05 click menu Thời sự)&#xD;
[20:20:37] [INFO] Wait document ready: TC05 page loaded&#xD;
[20:20:37] [INFO] Wait elements [thoi-su-articles] =&gt; By.CssSelector: article, .item-news, h3.title-news, minCount=1&#xD;
[20:20:37] [INFO] Wait first non-empty element from selector group: thoi-su-heading&#xD;
[20:20:37] [INFO] Step screenshot saved: C:\Users\ASUS\Desktop\KiemThuPM\bin\Debug\net6.0\artifacts\selenium-steps\TC05_Filter_ChuyenMucThoiSu_20260425_202029\02_tc05_thoi_su_loaded.png&#xD;
[20:20:37] [INFO] [TC05 PASS] Chuyên mục Thời sự hiển thị 110 bài. URL: https://vnexpress.net/thoi-su</StdOut>
      </Output>
    </UnitTestResult>
    <UnitTestResult executionId="c59639af-2c59-4893-8182-1f8c1b8389b2" testId="87e572af-5cf7-f6e4-782d-529ca4d6d768" testName="TC04_TimKiem_KeywordDai" computerName="LAPTOP-OVJCF5S1" duration="00:00:09.8315620" startTime="2026-04-25T20:20:19.7226634+07:00" endTime="2026-04-25T20:20:29.5542252+07:00" testType="13cdc9d9-ddb5-4fa4-a97d-d965ccfc6d4b" outcome="Passed" testListId="8c84fa94-04c1-424b-9868-57a2d4851a1d" relativeResultsDirectory="c59639af-2c59-4893-8182-1f8c1b8389b2">
      <Output>
        <StdOut>[20:20:20] [INFO] Test bắt đầu. FaultInjection=OFF&#xD;
[20:20:20] [INFO] Navigate: https://vnexpress.net&#xD;
[20:20:25] [INFO] Wait document ready: navigate to https://vnexpress.net&#xD;
[20:20:26] [INFO] Step screenshot saved: C:\Users\ASUS\Desktop\KiemThuPM\bin\Debug\net6.0\artifacts\selenium-steps\TC04_TimKiem_KeywordDai_20260425_202019\01_00_home_loaded.png&#xD;
[20:20:26] [INFO] TC04 - Tìm kiếm keyword dài&#xD;
[20:20:26] [INFO] Mở search box cho keyword: &lt;200 chars&gt;&#xD;
[20:20:26] [INFO] Validate selector exists [search-toggle] =&gt; By.CssSelector: a.btn-search, .ic-search, [data-role='search-toggle']&#xD;
[20:20:26] [INFO] Wait clickable [search-toggle] =&gt; By.CssSelector: a.btn-search, .ic-search, [data-role='search-toggle']&#xD;
[20:20:26] [INFO] Step screenshot saved: C:\Users\ASUS\Desktop\KiemThuPM\bin\Debug\net6.0\artifacts\selenium-steps\TC04_TimKiem_KeywordDai_20260425_202019\02_search_box_opened.png&#xD;
[20:20:26] [INFO] Validate selector exists [search-input] =&gt; By.CssSelector: input[type='search'], input[name='q'], .search-input&#xD;
[20:20:26] [INFO] Wait visible [search-input] =&gt; By.CssSelector: input[type='search'], input[name='q'], .search-input&#xD;
[20:20:28] [INFO] Step screenshot saved: C:\Users\ASUS\Desktop\KiemThuPM\bin\Debug\net6.0\artifacts\selenium-steps\TC04_TimKiem_KeywordDai_20260425_202019\03_tc04_long_keyword_typed.png&#xD;
[20:20:28] [INFO] Wait document ready: TC04 search long keyword&#xD;
[20:20:28] [INFO] Step screenshot saved: C:\Users\ASUS\Desktop\KiemThuPM\bin\Debug\net6.0\artifacts\selenium-steps\TC04_TimKiem_KeywordDai_20260425_202019\04_tc04_long_keyword_result.png&#xD;
[20:20:29] [INFO] [TC04 PASS] Keyword dài 200 ký tự xử lý bình thường. URL: https://vnexpress.net/</StdOut>
      </Output>
    </UnitTestResult>
    <UnitTestResult executionId="bcf6462d-804b-4823-bb21-e054f1ab4858" testId="9e7e4435-9b53-b424-2e4f-ad29df8fd6ba" testName="TC07_DocBai_ChiTietBaiViet" computerName="LAPTOP-OVJCF5S1" duration="00:00:31.3217880" startTime="2026-04-25T20:20:46.8103907+07:00" endTime="2026-04-25T20:21:18.1321784+07:00" testType="13cdc9d9-ddb5-4fa4-a97d-d965ccfc6d4b" outcome="Passed" testListId="8c84fa94-04c1-424b-9868-57a2d4851a1d" relativeResultsDirectory="bcf6462d-804b-4823-bb21-e054f1ab4858">
      <Output>
        <StdOut>[20:20:47] [INFO] Test bắt đầu. FaultInjection=OFF&#xD;
[20:20:47] [INFO] Navigate: https://vnexpress.net&#xD;
[20:20:52] [INFO] Wait document ready: navigate to https://vnexpress.net&#xD;
[20:20:52] [INFO] Step screenshot saved: C:\Users\ASUS\Desktop\KiemThuPM\bin\Debug\net6.0\artifacts\selenium-steps\TC07_DocBai_ChiTietBaiViet_20260425_202046\01_00_home_loaded.png&#xD;
[20:20:52] [INFO] TC07 - Click đọc bài chi tiết&#xD;
[20:20:52] [INFO] Validate selector exists [home-article-links] =&gt; By.CssSelector: h1.title-news a[href], h2.title-news a[href], h3.title-news a[href], article h2 a[href], article h3 a[href]&#xD;
[20:20:52] [INFO] Wait elements [home-article-links] =&gt; By.CssSelector: h1.title-news a[href], h2.title-news a[href], h3.title-news a[href], article h2 a[href], article h3 a[href], minCount=3&#xD;
[20:20:53] [INFO] Navigate: https://vnexpress.net&#xD;
[20:20:58] [INFO] Wait document ready: navigate to https://vnexpress.net&#xD;
[20:21:00] [INFO] Step screenshot saved: C:\Users\ASUS\Desktop\KiemThuPM\bin\Debug\net6.0\artifacts\selenium-steps\TC07_DocBai_ChiTietBaiViet_20260425_202046\02_tc07_back_home.png&#xD;
[20:21:00] [INFO] Đang thử click bài: Chuyên gia thám hiểm đu dây xuống hang động mới phát hiện&#xD;
[20:21:00] [INFO] Link bài viết: https://vnexpress.net/chuyen-gia-tham-hiem-du-day-xuong-hang-dong-moi-phat-hien-5067034.html&#xD;
[20:21:05] [INFO] Validate selector exists [article-title] =&gt; By.CssSelector: h1.title-detail, h1.heading-title, article h1, h1&#xD;
[20:21:13] [WARN] Timeout khi mở bài hiện tại, thử bài kế tiếp.&#xD;
[20:21:13] [INFO] Navigate: https://vnexpress.net&#xD;
[20:21:15] [INFO] Wait document ready: navigate to https://vnexpress.net&#xD;
[20:21:15] [INFO] Step screenshot saved: C:\Users\ASUS\Desktop\KiemThuPM\bin\Debug\net6.0\artifacts\selenium-steps\TC07_DocBai_ChiTietBaiViet_20260425_202046\03_tc07_back_home.png&#xD;
[20:21:15] [INFO] Đang thử click bài: Quê quán và định kiến vùng miền&#xD;
[20:21:15] [INFO] Link bài viết: https://vnexpress.net/que-quan-va-dinh-kien-vung-mien-5066899.html&#xD;
[20:21:17] [INFO] Validate selector exists [article-title] =&gt; By.CssSelector: h1.title-detail, h1.heading-title, article h1, h1&#xD;
[20:21:17] [INFO] Step screenshot saved: C:\Users\ASUS\Desktop\KiemThuPM\bin\Debug\net6.0\artifacts\selenium-steps\TC07_DocBai_ChiTietBaiViet_20260425_202046\04_tc07_article_detail_loaded.png&#xD;
[20:21:17] [INFO] [TC07 PASS] Mở bài thành công. Bài: Quê quán và định kiến vùng miền&#xD;
[20:21:17] [INFO] [TC07 PASS] Tiêu đề: Quê quán và định kiến vùng miền...</StdOut>
      </Output>
    </UnitTestResult>
    <UnitTestResult executionId="70372cb8-ff89-4be4-a3a8-9e31763deeb9" testId="154a160a-972a-639c-d947-0d8f55eb9586" testName="TC08_PhanTrang_TrangTiepTheo" computerName="LAPTOP-OVJCF5S1" duration="00:00:15.9703330" startTime="2026-04-25T20:21:18.1322180+07:00" endTime="2026-04-25T20:21:34.1025500+07:00" testType="13cdc9d9-ddb5-4fa4-a97d-d965ccfc6d4b" outcome="Passed" testListId="8c84fa94-04c1-424b-9868-57a2d4851a1d" relativeResultsDirectory="70372cb8-ff89-4be4-a3a8-9e31763deeb9">
      <Output>
        <StdOut>[20:21:19] [INFO] Test bắt đầu. FaultInjection=OFF&#xD;
[20:21:19] [INFO] Navigate: https://vnexpress.net&#xD;
[20:21:25] [INFO] Wait document ready: navigate to https://vnexpress.net&#xD;
[20:21:25] [INFO] Step screenshot saved: C:\Users\ASUS\Desktop\KiemThuPM\bin\Debug\net6.0\artifacts\selenium-steps\TC08_PhanTrang_TrangTiepTheo_20260425_202118\01_00_home_loaded.png&#xD;
[20:21:25] [INFO] TC08 - Kiểm tra phân trang&#xD;
[20:21:25] [INFO] Navigate: https://vnexpress.net/thoi-su&#xD;
[20:21:30] [INFO] Wait document ready: navigate to https://vnexpress.net/thoi-su&#xD;
[20:21:30] [INFO] Step screenshot saved: C:\Users\ASUS\Desktop\KiemThuPM\bin\Debug\net6.0\artifacts\selenium-steps\TC08_PhanTrang_TrangTiepTheo_20260425_202118\02_tc08_thoi_su_page1.png&#xD;
[20:21:30] [INFO] Validate selector exists [pagination-next] =&gt; By.CssSelector: a.next-page, li.next a, .pagination a[rel='next'], a[title='Trang kế']&#xD;
[20:21:30] [INFO] Wait clickable [pagination-next] =&gt; By.CssSelector: a.next-page, li.next a, .pagination a[rel='next'], a[title='Trang kế']&#xD;
[20:21:32] [INFO] Wait URL change (TC08 chuyển trang 2)&#xD;
[20:21:33] [INFO] Wait document ready: TC08 page2 loaded&#xD;
[20:21:33] [INFO] Wait elements [page2-articles] =&gt; By.CssSelector: article, .item-news, h3.title-news, minCount=1&#xD;
[20:21:33] [INFO] Step screenshot saved: C:\Users\ASUS\Desktop\KiemThuPM\bin\Debug\net6.0\artifacts\selenium-steps\TC08_PhanTrang_TrangTiepTheo_20260425_202118\03_tc08_page2_loaded.png&#xD;
[20:21:33] [INFO] [TC08 PASS] Phân trang hoạt động. URL trang 2: https://vnexpress.net/thoi-su-p2</StdOut>
      </Output>
    </UnitTestResult>
    <UnitTestResult executionId="c44cca97-387a-46cb-bef2-be14fe941dcb" testId="5bf8aa18-7fa8-617e-2091-f065680a8c6e" testName="TC10_TimKiem_KyTuDacBiet" computerName="LAPTOP-OVJCF5S1" duration="00:00:10.3702520" startTime="2026-04-25T20:21:44.8572396+07:00" endTime="2026-04-25T20:21:55.2274908+07:00" testType="13cdc9d9-ddb5-4fa4-a97d-d965ccfc6d4b" outcome="Passed" testListId="8c84fa94-04c1-424b-9868-57a2d4851a1d" relativeResultsDirectory="c44cca97-387a-46cb-bef2-be14fe941dcb">
      <Output>
        <StdOut>[20:21:45] [INFO] Test bắt đầu. FaultInjection=OFF&#xD;
[20:21:45] [INFO] Navigate: https://vnexpress.net&#xD;
[20:21:50] [INFO] Wait document ready: navigate to https://vnexpress.net&#xD;
[20:21:50] [INFO] Step screenshot saved: C:\Users\ASUS\Desktop\KiemThuPM\bin\Debug\net6.0\artifacts\selenium-steps\TC10_TimKiem_KyTuDacBiet_20260425_202144\01_00_home_loaded.png&#xD;
[20:21:50] [INFO] TC10 - Kiểm tra tìm kiếm ký tự đặc biệt&#xD;
[20:21:50] [INFO] Mở search box cho keyword: &lt;script&gt;alert(1)&lt;/script&gt;&#xD;
[20:21:50] [INFO] Validate selector exists [search-toggle] =&gt; By.CssSelector: a.btn-search, .ic-search, [data-role='search-toggle']&#xD;
[20:21:50] [INFO] Wait clickable [search-toggle] =&gt; By.CssSelector: a.btn-search, .ic-search, [data-role='search-toggle']&#xD;
[20:21:51] [INFO] Step screenshot saved: C:\Users\ASUS\Desktop\KiemThuPM\bin\Debug\net6.0\artifacts\selenium-steps\TC10_TimKiem_KyTuDacBiet_20260425_202144\02_search_box_opened.png&#xD;
[20:21:51] [INFO] Validate selector exists [search-input] =&gt; By.CssSelector: input[type='search'], input[name='q'], .search-input&#xD;
[20:21:51] [INFO] Wait visible [search-input] =&gt; By.CssSelector: input[type='search'], input[name='q'], .search-input&#xD;
[20:21:51] [INFO] Step screenshot saved: C:\Users\ASUS\Desktop\KiemThuPM\bin\Debug\net6.0\artifacts\selenium-steps\TC10_TimKiem_KyTuDacBiet_20260425_202144\03_tc10_special_keyword_typed.png&#xD;
[20:21:52] [INFO] Wait document ready: TC10 special chars search submit&#xD;
[20:21:54] [INFO] Step screenshot saved: C:\Users\ASUS\Desktop\KiemThuPM\bin\Debug\net6.0\artifacts\selenium-steps\TC10_TimKiem_KyTuDacBiet_20260425_202144\04_tc10_special_keyword_result.png&#xD;
[20:21:54] [INFO] [TC10 PASS] Ký tự đặc biệt được xử lý an toàn. URL: https://vnexpress.net/</StdOut>
      </Output>
    </UnitTestResult>
    <UnitTestResult executionId="ebf2685a-0540-4021-8cfe-309654f8f77a" testId="f22e55c7-4578-5a51-dd51-7d7f413f0810" testName="TC01_TrangChu_TaiThanhCong" computerName="LAPTOP-OVJCF5S1" duration="00:00:07.4981330" startTime="2026-04-25T20:19:50.9927607+07:00" endTime="2026-04-25T20:19:58.4907792+07:00" testType="13cdc9d9-ddb5-4fa4-a97d-d965ccfc6d4b" outcome="Passed" testListId="8c84fa94-04c1-424b-9868-57a2d4851a1d" relativeResultsDirectory="ebf2685a-0540-4021-8cfe-309654f8f77a">
      <Output>
        <StdOut>[20:19:52] [INFO] Test bắt đầu. FaultInjection=OFF&#xD;
[20:19:52] [INFO] Navigate: https://vnexpress.net&#xD;
[20:19:52] [INFO] Wait document ready: navigate to https://vnexpress.net&#xD;
[20:19:57] [INFO] Step screenshot saved: C:\Users\ASUS\Desktop\KiemThuPM\bin\Debug\net6.0\artifacts\selenium-steps\TC01_TrangChu_TaiThanhCong_20260425_201951\01_00_home_loaded.png&#xD;
[20:19:57] [INFO] TC01 - Bắt đầu kiểm tra trang chủ&#xD;
[20:19:57] [INFO] Validate selector exists [home-logo] =&gt; By.CssSelector: a.logo, .logo-vne, header a[href='/']&#xD;
[20:19:57] [INFO] Wait visible [home-logo] =&gt; By.CssSelector: a.logo, .logo-vne, header a[href='/']&#xD;
[20:19:58] [INFO] Step screenshot saved: C:\Users\ASUS\Desktop\KiemThuPM\bin\Debug\net6.0\artifacts\selenium-steps\TC01_TrangChu_TaiThanhCong_20260425_201951\02_tc01_home_verified.png&#xD;
[20:19:58] [INFO] [TC01 PASS] Trang chủ tải thành công. Title: Báo VnExpress - Báo tiếng Việt nhiều người xem nhất</StdOut>
      </Output>
    </UnitTestResult>
    <UnitTestResult executionId="275953e4-f8af-4390-82c6-13c1200774ab" testId="8153e881-2237-a56d-73b6-ee21bacbb2be" testName="TC02_TimKiem_TuKhoaHopLe" computerName="LAPTOP-OVJCF5S1" duration="00:00:08.9627050" startTime="2026-04-25T20:19:58.4952112+07:00" endTime="2026-04-25T20:20:07.4579164+07:00" testType="13cdc9d9-ddb5-4fa4-a97d-d965ccfc6d4b" outcome="Passed" testListId="8c84fa94-04c1-424b-9868-57a2d4851a1d" relativeResultsDirectory="275953e4-f8af-4390-82c6-13c1200774ab">
      <Output>
        <StdOut>[20:19:59] [INFO] Test bắt đầu. FaultInjection=OFF&#xD;
[20:19:59] [INFO] Navigate: https://vnexpress.net&#xD;
[20:20:04] [INFO] Wait document ready: navigate to https://vnexpress.net&#xD;
[20:20:04] [INFO] Step screenshot saved: C:\Users\ASUS\Desktop\KiemThuPM\bin\Debug\net6.0\artifacts\selenium-steps\TC02_TimKiem_TuKhoaHopLe_20260425_201958\01_00_home_loaded.png&#xD;
[20:20:04] [INFO] TC02 - Bắt đầu tìm kiếm từ khóa hợp lệ&#xD;
[20:20:04] [INFO] Mở search box cho keyword: bóng đá&#xD;
[20:20:04] [INFO] Validate selector exists [search-toggle] =&gt; By.CssSelector: a.btn-search, .ic-search, [data-role='search-toggle']&#xD;
[20:20:04] [INFO] Wait clickable [search-toggle] =&gt; By.CssSelector: a.btn-search, .ic-search, [data-role='search-toggle']&#xD;
[20:20:05] [INFO] Step screenshot saved: C:\Users\ASUS\Desktop\KiemThuPM\bin\Debug\net6.0\artifacts\selenium-steps\TC02_TimKiem_TuKhoaHopLe_20260425_201958\02_search_box_opened.png&#xD;
[20:20:05] [INFO] Validate selector exists [search-input] =&gt; By.CssSelector: input[type='search'], input[name='q'], .search-input&#xD;
[20:20:05] [INFO] Wait visible [search-input] =&gt; By.CssSelector: input[type='search'], input[name='q'], .search-input&#xD;
[20:20:05] [INFO] Step screenshot saved: C:\Users\ASUS\Desktop\KiemThuPM\bin\Debug\net6.0\artifacts\selenium-steps\TC02_TimKiem_TuKhoaHopLe_20260425_201958\03_tc02_keyword_typed.png&#xD;
[20:20:05] [INFO] Wait document ready: TC02 search submit&#xD;
[20:20:05] [INFO] Wait elements [search-result-cards] =&gt; By.CssSelector: article, .item-news, .list-news-subfolder h3, minCount=1&#xD;
[20:20:07] [INFO] Step screenshot saved: C:\Users\ASUS\Desktop\KiemThuPM\bin\Debug\net6.0\artifacts\selenium-steps\TC02_TimKiem_TuKhoaHopLe_20260425_201958\04_tc02_search_results.png&#xD;
[20:20:07] [INFO] [TC02 PASS] Tìm kiếm 'bóng đá' trả về 71 kết quả, relevant=3</StdOut>
      </Output>
    </UnitTestResult>
  </Results>
  <TestDefinitions>
    <UnitTest name="TC06_Filter_ChuyenMucTheThao" storage="c:\users\asus\desktop\kiemthupm\bin\debug\net6.0\seleniumvnexpress.dll" id="fc1c6ec1-1655-f200-daff-e2fab12e447c">
      <Execution id="e0d49dbd-2413-4f5e-b9c1-48e588b19319" />
      <TestMethod codeBase="C:\Users\ASUS\Desktop\KiemThuPM\bin\Debug\net6.0\SeleniumVnExpress.dll" adapterTypeName="executor://nunit3testexecutor/" className="VnExpressSeleniumTests.VnExpressTests" name="TC06_Filter_ChuyenMucTheThao" />
    </UnitTest>
    <UnitTest name="TC05_Filter_ChuyenMucThoiSu" storage="c:\users\asus\desktop\kiemthupm\bin\debug\net6.0\seleniumvnexpress.dll" id="6e5c7170-1fe3-4de6-cc5c-89874330c700">
      <Execution id="0940758c-0556-434c-a49a-a86273b8294d" />
      <TestMethod codeBase="C:\Users\ASUS\Desktop\KiemThuPM\bin\Debug\net6.0\SeleniumVnExpress.dll" adapterTypeName="executor://nunit3testexecutor/" className="VnExpressSeleniumTests.VnExpressTests" name="TC05_Filter_ChuyenMucThoiSu" />
    </UnitTest>
    <UnitTest name="TC08_PhanTrang_TrangTiepTheo" storage="c:\users\asus\desktop\kiemthupm\bin\debug\net6.0\seleniumvnexpress.dll" id="154a160a-972a-639c-d947-0d8f55eb9586">
      <Execution id="70372cb8-ff89-4be4-a3a8-9e31763deeb9" />
      <TestMethod codeBase="C:\Users\ASUS\Desktop\KiemThuPM\bin\Debug\net6.0\SeleniumVnExpress.dll" adapterTypeName="executor://nunit3testexecutor/" className="VnExpressSeleniumTests.VnExpressTests" name="TC08_PhanTrang_TrangTiepTheo" />
    </UnitTest>
    <UnitTest name="TC04_TimKiem_KeywordDai" storage="c:\users\asus\desktop\kiemthupm\bin\debug\net6.0\seleniumvnexpress.dll" id="87e572af-5cf7-f6e4-782d-529ca4d6d768">
      <Execution id="c59639af-2c59-4893-8182-1f8c1b8389b2" />
      <TestMethod codeBase="C:\Users\ASUS\Desktop\KiemThuPM\bin\Debug\net6.0\SeleniumVnExpress.dll" adapterTypeName="executor://nunit3testexecutor/" className="VnExpressSeleniumTests.VnExpressTests" name="TC04_TimKiem_KeywordDai" />
    </UnitTest>
    <UnitTest name="TC10_TimKiem_KyTuDacBiet" storage="c:\users\asus\desktop\kiemthupm\bin\debug\net6.0\seleniumvnexpress.dll" id="5bf8aa18-7fa8-617e-2091-f065680a8c6e">
      <Execution id="c44cca97-387a-46cb-bef2-be14fe941dcb" />
      <TestMethod codeBase="C:\Users\ASUS\Desktop\KiemThuPM\bin\Debug\net6.0\SeleniumVnExpress.dll" adapterTypeName="executor://nunit3testexecutor/" className="VnExpressSeleniumTests.VnExpressTests" name="TC10_TimKiem_KyTuDacBiet" />
    </UnitTest>
    <UnitTest name="TC03_TimKiem_KeywordRong" storage="c:\users\asus\desktop\kiemthupm\bin\debug\net6.0\seleniumvnexpress.dll" id="d6712de3-b25f-96fb-acec-7feaac0c3db4">
      <Execution id="3346d283-ef7c-4a97-a599-37eca7e438da" />
      <TestMethod codeBase="C:\Users\ASUS\Desktop\KiemThuPM\bin\Debug\net6.0\SeleniumVnExpress.dll" adapterTypeName="executor://nunit3testexecutor/" className="VnExpressSeleniumTests.VnExpressTests" name="TC03_TimKiem_KeywordRong" />
    </UnitTest>
    <UnitTest name="TC07_DocBai_ChiTietBaiViet" storage="c:\users\asus\desktop\kiemthupm\bin\debug\net6.0\seleniumvnexpress.dll" id="9e7e4435-9b53-b424-2e4f-ad29df8fd6ba">
      <Execution id="bcf6462d-804b-4823-bb21-e054f1ab4858" />
      <TestMethod codeBase="C:\Users\ASUS\Desktop\KiemThuPM\bin\Debug\net6.0\SeleniumVnExpress.dll" adapterTypeName="executor://nunit3testexecutor/" className="VnExpressSeleniumTests.VnExpressTests" name="TC07_DocBai_ChiTietBaiViet" />
    </UnitTest>
    <UnitTest name="TC09_TimKiem_KetQuaDungChuDe" storage="c:\users\asus\desktop\kiemthupm\bin\debug\net6.0\seleniumvnexpress.dll" id="c55bb59e-57e4-9023-fa29-7801336fb535">
      <Execution id="9a9fc5ca-7a4a-4621-bc37-86e3e9d29304" />
      <TestMethod codeBase="C:\Users\ASUS\Desktop\KiemThuPM\bin\Debug\net6.0\SeleniumVnExpress.dll" adapterTypeName="executor://nunit3testexecutor/" className="VnExpressSeleniumTests.VnExpressTests" name="TC09_TimKiem_KetQuaDungChuDe" />
    </UnitTest>
    <UnitTest name="TC01_TrangChu_TaiThanhCong" storage="c:\users\asus\desktop\kiemthupm\bin\debug\net6.0\seleniumvnexpress.dll" id="f22e55c7-4578-5a51-dd51-7d7f413f0810">
      <Execution id="ebf2685a-0540-4021-8cfe-309654f8f77a" />
      <TestMethod codeBase="C:\Users\ASUS\Desktop\KiemThuPM\bin\Debug\net6.0\SeleniumVnExpress.dll" adapterTypeName="executor://nunit3testexecutor/" className="VnExpressSeleniumTests.VnExpressTests" name="TC01_TrangChu_TaiThanhCong" />
    </UnitTest>
    <UnitTest name="TC02_TimKiem_TuKhoaHopLe" storage="c:\users\asus\desktop\kiemthupm\bin\debug\net6.0\seleniumvnexpress.dll" id="8153e881-2237-a56d-73b6-ee21bacbb2be">
      <Execution id="275953e4-f8af-4390-82c6-13c1200774ab" />
      <TestMethod codeBase="C:\Users\ASUS\Desktop\KiemThuPM\bin\Debug\net6.0\SeleniumVnExpress.dll" adapterTypeName="executor://nunit3testexecutor/" className="VnExpressSeleniumTests.VnExpressTests" name="TC02_TimKiem_TuKhoaHopLe" />
    </UnitTest>
  </TestDefinitions>
  <TestEntries>
    <TestEntry testId="c55bb59e-57e4-9023-fa29-7801336fb535" executionId="9a9fc5ca-7a4a-4621-bc37-86e3e9d29304" testListId="8c84fa94-04c1-424b-9868-57a2d4851a1d" />
    <TestEntry testId="d6712de3-b25f-96fb-acec-7feaac0c3db4" executionId="3346d283-ef7c-4a97-a599-37eca7e438da" testListId="8c84fa94-04c1-424b-9868-57a2d4851a1d" />
    <TestEntry testId="fc1c6ec1-1655-f200-daff-e2fab12e447c" executionId="e0d49dbd-2413-4f5e-b9c1-48e588b19319" testListId="8c84fa94-04c1-424b-9868-57a2d4851a1d" />
    <TestEntry testId="6e5c7170-1fe3-4de6-cc5c-89874330c700" executionId="0940758c-0556-434c-a49a-a86273b8294d" testListId="8c84fa94-04c1-424b-9868-57a2d4851a1d" />
    <TestEntry testId="87e572af-5cf7-f6e4-782d-529ca4d6d768" executionId="c59639af-2c59-4893-8182-1f8c1b8389b2" testListId="8c84fa94-04c1-424b-9868-57a2d4851a1d" />
    <TestEntry testId="9e7e4435-9b53-b424-2e4f-ad29df8fd6ba" executionId="bcf6462d-804b-4823-bb21-e054f1ab4858" testListId="8c84fa94-04c1-424b-9868-57a2d4851a1d" />
    <TestEntry testId="154a160a-972a-639c-d947-0d8f55eb9586" executionId="70372cb8-ff89-4be4-a3a8-9e31763deeb9" testListId="8c84fa94-04c1-424b-9868-57a2d4851a1d" />
    <TestEntry testId="5bf8aa18-7fa8-617e-2091-f065680a8c6e" executionId="c44cca97-387a-46cb-bef2-be14fe941dcb" testListId="8c84fa94-04c1-424b-9868-57a2d4851a1d" />
    <TestEntry testId="f22e55c7-4578-5a51-dd51-7d7f413f0810" executionId="ebf2685a-0540-4021-8cfe-309654f8f77a" testListId="8c84fa94-04c1-424b-9868-57a2d4851a1d" />
    <TestEntry testId="8153e881-2237-a56d-73b6-ee21bacbb2be" executionId="275953e4-f8af-4390-82c6-13c1200774ab" testListId="8c84fa94-04c1-424b-9868-57a2d4851a1d" />
  </TestEntries>
  <TestLists>
    <TestList name="Results Not in a List" id="8c84fa94-04c1-424b-9868-57a2d4851a1d" />
    <TestList name="All Loaded Results" id="19431567-8539-422a-85d7-44ee4e166bda" />
  </TestLists>
  <ResultSummary outcome="Failed">
    <Counters total="10" executed="10" passed="9" failed="1" error="0" timeout="0" aborted="0" inconclusive="0" passedButRunAborted="0" notRunnable="0" notExecuted="0" disconnected="0" warning="0" completed="0" inProgress="0" pending="0" />
    <Output>
      <StdOut>NUnit Adapter 4.4.0.0: Test execution started&#xD;
Running selected tests in C:\Users\ASUS\Desktop\KiemThuPM\bin\Debug\net6.0\SeleniumVnExpress.dll&#xD;
   NUnit3TestExecutor discovered 10 of 10 NUnit test cases using Current Discovery mode, Non-Explicit run&#xD;
Starting msedgedriver 146.0.3856.20 (699fe853158741282613629fd8527bae31e47c1f) on port 52175&#xD;
To submit feedback, report a bug, or suggest new features, please visit https://github.com/MicrosoftEdge/EdgeWebDriver&#xD;
Only local connections are allowed.&#xD;
Please see https://aka.ms/WebDriverSecurity for suggestions on keeping Microsoft Edge WebDriver safe.&#xD;
msedgedriver was started successfully on port 52175.&#xD;
[1777123192.266][WARNING]: This version of Microsoft Edge WebDriver has not been tested with Microsoft Edge version 147.&#xD;
Starting msedgedriver 146.0.3856.20 (699fe853158741282613629fd8527bae31e47c1f) on port 51990&#xD;
To submit feedback, report a bug, or suggest new features, please visit https://github.com/MicrosoftEdge/EdgeWebDriver&#xD;
Only local connections are allowed.&#xD;
Please see https://aka.ms/WebDriverSecurity for suggestions on keeping Microsoft Edge WebDriver safe.&#xD;
msedgedriver was started successfully on port 51990.&#xD;
[1777123199.812][WARNING]: This version of Microsoft Edge WebDriver has not been tested with Microsoft Edge version 147.&#xD;
Starting msedgedriver 146.0.3856.20 (699fe853158741282613629fd8527bae31e47c1f) on port 58514&#xD;
To submit feedback, report a bug, or suggest new features, please visit https://github.com/MicrosoftEdge/EdgeWebDriver&#xD;
Only local connections are allowed.&#xD;
Please see https://aka.ms/WebDriverSecurity for suggestions on keeping Microsoft Edge WebDriver safe.&#xD;
msedgedriver was started successfully on port 58514.&#xD;
[1777123208.538][WARNING]: This version of Microsoft Edge WebDriver has not been tested with Microsoft Edge version 147.&#xD;
Starting msedgedriver 146.0.3856.20 (699fe853158741282613629fd8527bae31e47c1f) on port 64576&#xD;
To submit feedback, report a bug, or suggest new features, please visit https://github.com/MicrosoftEdge/EdgeWebDriver&#xD;
Only local connections are allowed.&#xD;
Please see https://aka.ms/WebDriverSecurity for suggestions on keeping Microsoft Edge WebDriver safe.&#xD;
msedgedriver was started successfully on port 64576.&#xD;
[1777123220.805][WARNING]: This version of Microsoft Edge WebDriver has not been tested with Microsoft Edge version 147.&#xD;
Starting msedgedriver 146.0.3856.20 (699fe853158741282613629fd8527bae31e47c1f) on port 57676&#xD;
To submit feedback, report a bug, or suggest new features, please visit https://github.com/MicrosoftEdge/EdgeWebDriver&#xD;
Only local connections are allowed.&#xD;
Please see https://aka.ms/WebDriverSecurity for suggestions on keeping Microsoft Edge WebDriver safe.&#xD;
msedgedriver was started successfully on port 57676.&#xD;
[1777123230.642][WARNING]: This version of Microsoft Edge WebDriver has not been tested with Microsoft Edge version 147.&#xD;
Starting msedgedriver 146.0.3856.20 (699fe853158741282613629fd8527bae31e47c1f) on port 60220&#xD;
To submit feedback, report a bug, or suggest new features, please visit https://github.com/MicrosoftEdge/EdgeWebDriver&#xD;
Only local connections are allowed.&#xD;
Please see https://aka.ms/WebDriverSecurity for suggestions on keeping Microsoft Edge WebDriver safe.&#xD;
msedgedriver was started successfully on port 60220.&#xD;
[1777123239.258][WARNING]: This version of Microsoft Edge WebDriver has not been tested with Microsoft Edge version 147.&#xD;
Starting msedgedriver 146.0.3856.20 (699fe853158741282613629fd8527bae31e47c1f) on port 61869&#xD;
To submit feedback, report a bug, or suggest new features, please visit https://github.com/MicrosoftEdge/EdgeWebDriver&#xD;
Only local connections are allowed.&#xD;
Please see https://aka.ms/WebDriverSecurity for suggestions on keeping Microsoft Edge WebDriver safe.&#xD;
msedgedriver was started successfully on port 61869.&#xD;
[1777123247.897][WARNING]: This version of Microsoft Edge WebDriver has not been tested with Microsoft Edge version 147.&#xD;
Starting msedgedriver 146.0.3856.20 (699fe853158741282613629fd8527bae31e47c1f) on port 62014&#xD;
To submit feedback, report a bug, or suggest new features, please visit https://github.com/MicrosoftEdge/EdgeWebDriver&#xD;
Only local connections are allowed.&#xD;
Please see https://aka.ms/WebDriverSecurity for suggestions on keeping Microsoft Edge WebDriver safe.&#xD;
msedgedriver was started successfully on port 62014.&#xD;
[1777123279.349][WARNING]: This version of Microsoft Edge WebDriver has not been tested with Microsoft Edge version 147.&#xD;
Starting msedgedriver 146.0.3856.20 (699fe853158741282613629fd8527bae31e47c1f) on port 63403&#xD;
To submit feedback, report a bug, or suggest new features, please visit https://github.com/MicrosoftEdge/EdgeWebDriver&#xD;
Only local connections are allowed.&#xD;
Please see https://aka.ms/WebDriverSecurity for suggestions on keeping Microsoft Edge WebDriver safe.&#xD;
msedgedriver was started successfully on port 63403.&#xD;
[1777123295.203][WARNING]: This version of Microsoft Edge WebDriver has not been tested with Microsoft Edge version 147.&#xD;
Starting msedgedriver 146.0.3856.20 (699fe853158741282613629fd8527bae31e47c1f) on port 50433&#xD;
To submit feedback, report a bug, or suggest new features, please visit https://github.com/MicrosoftEdge/EdgeWebDriver&#xD;
Only local connections are allowed.&#xD;
Please see https://aka.ms/WebDriverSecurity for suggestions on keeping Microsoft Edge WebDriver safe.&#xD;
msedgedriver was started successfully on port 50433.&#xD;
[1777123305.946][WARNING]: This version of Microsoft Edge WebDriver has not been tested with Microsoft Edge version 147.&#xD;
NUnit Adapter 4.4.0.0: Test execution complete&#xD;
</StdOut>
    </Output>
    <RunInfos>
      <RunInfo computerName="LAPTOP-OVJCF5S1" outcome="Warning" timestamp="2026-04-25T20:19:58.5130150+07:00">
        <Text>[20:19:52] [INFO] Test bắt đầu. FaultInjection=OFF&#xD;
[20:19:52] [INFO] Navigate: https://vnexpress.net&#xD;
[20:19:52] [INFO] Wait document ready: navigate to https://vnexpress.net&#xD;
[20:19:57] [INFO] Step screenshot saved: C:\Users\ASUS\Desktop\KiemThuPM\bin\Debug\net6.0\artifacts\selenium-steps\TC01_TrangChu_TaiThanhCong_20260425_201951\01_00_home_loaded.png&#xD;
[20:19:57] [INFO] TC01 - Bắt đầu kiểm tra trang chủ&#xD;
[20:19:57] [INFO] Validate selector exists [home-logo] =&gt; By.CssSelector: a.logo, .logo-vne, header a[href='/']&#xD;
[20:19:57] [INFO] Wait visible [home-logo] =&gt; By.CssSelector: a.logo, .logo-vne, header a[href='/']&#xD;
[20:19:58] [INFO] Step screenshot saved: C:\Users\ASUS\Desktop\KiemThuPM\bin\Debug\net6.0\artifacts\selenium-steps\TC01_TrangChu_TaiThanhCong_20260425_201951\02_tc01_home_verified.png&#xD;
[20:19:58] [INFO] [TC01 PASS] Trang chủ tải thành công. Title: Báo VnExpress - Báo tiếng Việt nhiều người xem nhất&#xD;
</Text>
      </RunInfo>
      <RunInfo computerName="LAPTOP-OVJCF5S1" outcome="Warning" timestamp="2026-04-25T20:20:07.4591443+07:00">
        <Text>[20:19:59] [INFO] Test bắt đầu. FaultInjection=OFF&#xD;
[20:19:59] [INFO] Navigate: https://vnexpress.net&#xD;
[20:20:04] [INFO] Wait document ready: navigate to https://vnexpress.net&#xD;
[20:20:04] [INFO] Step screenshot saved: C:\Users\ASUS\Desktop\KiemThuPM\bin\Debug\net6.0\artifacts\selenium-steps\TC02_TimKiem_TuKhoaHopLe_20260425_201958\01_00_home_loaded.png&#xD;
[20:20:04] [INFO] TC02 - Bắt đầu tìm kiếm từ khóa hợp lệ&#xD;
[20:20:04] [INFO] Mở search box cho keyword: bóng đá&#xD;
[20:20:04] [INFO] Validate selector exists [search-toggle] =&gt; By.CssSelector: a.btn-search, .ic-search, [data-role='search-toggle']&#xD;
[20:20:04] [INFO] Wait clickable [search-toggle] =&gt; By.CssSelector: a.btn-search, .ic-search, [data-role='search-toggle']&#xD;
[20:20:05] [INFO] Step screenshot saved: C:\Users\ASUS\Desktop\KiemThuPM\bin\Debug\net6.0\artifacts\selenium-steps\TC02_TimKiem_TuKhoaHopLe_20260425_201958\02_search_box_opened.png&#xD;
[20:20:05] [INFO] Validate selector exists [search-input] =&gt; By.CssSelector: input[type='search'], input[name='q'], .search-input&#xD;
[20:20:05] [INFO] Wait visible [search-input] =&gt; By.CssSelector: input[type='search'], input[name='q'], .search-input&#xD;
[20:20:05] [INFO] Step screenshot saved: C:\Users\ASUS\Desktop\KiemThuPM\bin\Debug\net6.0\artifacts\selenium-steps\TC02_TimKiem_TuKhoaHopLe_20260425_201958\03_tc02_keyword_typed.png&#xD;
[20:20:05] [INFO] Wait document ready: TC02 search submit&#xD;
[20:20:05] [INFO] Wait elements [search-result-cards] =&gt; By.CssSelector: article, .item-news, .list-news-subfolder h3, minCount=1&#xD;
[20:20:07] [INFO] Step screenshot saved: C:\Users\ASUS\Desktop\KiemThuPM\bin\Debug\net6.0\artifacts\selenium-steps\TC02_TimKiem_TuKhoaHopLe_20260425_201958\04_tc02_search_results.png&#xD;
[20:20:07] [INFO] [TC02 PASS] Tìm kiếm 'bóng đá' trả về 71 kết quả, relevant=3&#xD;
</Text>
      </RunInfo>
      <RunInfo computerName="LAPTOP-OVJCF5S1" outcome="Warning" timestamp="2026-04-25T20:20:19.7244435+07:00">
        <Text>[20:20:08] [INFO] Test bắt đầu. FaultInjection=OFF&#xD;
[20:20:08] [INFO] Navigate: https://vnexpress.net&#xD;
[20:20:16] [INFO] Wait document ready: navigate to https://vnexpress.net&#xD;
[20:20:16] [INFO] Step screenshot saved: C:\Users\ASUS\Desktop\KiemThuPM\bin\Debug\net6.0\artifacts\selenium-steps\TC03_TimKiem_KeywordRong_20260425_202007\01_00_home_loaded.png&#xD;
[20:20:16] [INFO] TC03 - Tìm kiếm keyword rỗng&#xD;
[20:20:16] [INFO] Mở search box cho keyword: &lt;empty&gt;&#xD;
[20:20:16] [INFO] Validate selector exists [search-toggle] =&gt; By.CssSelector: a.btn-search, .ic-search, [data-role='search-toggle']&#xD;
[20:20:16] [INFO] Wait clickable [search-toggle] =&gt; By.CssSelector: a.btn-search, .ic-search, [data-role='search-toggle']&#xD;
[20:20:17] [INFO] Step screenshot saved: C:\Users\ASUS\Desktop\KiemThuPM\bin\Debug\net6.0\artifacts\selenium-steps\TC03_TimKiem_KeywordRong_20260425_202007\02_search_box_opened.png&#xD;
[20:20:17] [INFO] Validate selector exists [search-input] =&gt; By.CssSelector: input[type='search'], input[name='q'], .search-input&#xD;
[20:20:17] [INFO] Wait visible [search-input] =&gt; By.CssSelector: input[type='search'], input[name='q'], .search-input&#xD;
[20:20:18] [INFO] Step screenshot saved: C:\Users\ASUS\Desktop\KiemThuPM\bin\Debug\net6.0\artifacts\selenium-steps\TC03_TimKiem_KeywordRong_20260425_202007\03_tc03_empty_keyword_ready.png&#xD;
[20:20:18] [INFO] Wait document ready: TC03 search empty&#xD;
[20:20:19] [INFO] Step screenshot saved: C:\Users\ASUS\Desktop\KiemThuPM\bin\Debug\net6.0\artifacts\selenium-steps\TC03_TimKiem_KeywordRong_20260425_202007\04_tc03_empty_keyword_result.png&#xD;
[20:20:19] [INFO] [TC03 PASS] Tìm kiếm keyword rỗng không gây crash. URL: https://vnexpress.net/&#xD;
</Text>
      </RunInfo>
      <RunInfo computerName="LAPTOP-OVJCF5S1" outcome="Warning" timestamp="2026-04-25T20:20:29.5555233+07:00">
        <Text>[20:20:20] [INFO] Test bắt đầu. FaultInjection=OFF&#xD;
[20:20:20] [INFO] Navigate: https://vnexpress.net&#xD;
[20:20:25] [INFO] Wait document ready: navigate to https://vnexpress.net&#xD;
[20:20:26] [INFO] Step screenshot saved: C:\Users\ASUS\Desktop\KiemThuPM\bin\Debug\net6.0\artifacts\selenium-steps\TC04_TimKiem_KeywordDai_20260425_202019\01_00_home_loaded.png&#xD;
[20:20:26] [INFO] TC04 - Tìm kiếm keyword dài&#xD;
[20:20:26] [INFO] Mở search box cho keyword: &lt;200 chars&gt;&#xD;
[20:20:26] [INFO] Validate selector exists [search-toggle] =&gt; By.CssSelector: a.btn-search, .ic-search, [data-role='search-toggle']&#xD;
[20:20:26] [INFO] Wait clickable [search-toggle] =&gt; By.CssSelector: a.btn-search, .ic-search, [data-role='search-toggle']&#xD;
[20:20:26] [INFO] Step screenshot saved: C:\Users\ASUS\Desktop\KiemThuPM\bin\Debug\net6.0\artifacts\selenium-steps\TC04_TimKiem_KeywordDai_20260425_202019\02_search_box_opened.png&#xD;
[20:20:26] [INFO] Validate selector exists [search-input] =&gt; By.CssSelector: input[type='search'], input[name='q'], .search-input&#xD;
[20:20:26] [INFO] Wait visible [search-input] =&gt; By.CssSelector: input[type='search'], input[name='q'], .search-input&#xD;
[20:20:28] [INFO] Step screenshot saved: C:\Users\ASUS\Desktop\KiemThuPM\bin\Debug\net6.0\artifacts\selenium-steps\TC04_TimKiem_KeywordDai_20260425_202019\03_tc04_long_keyword_typed.png&#xD;
[20:20:28] [INFO] Wait document ready: TC04 search long keyword&#xD;
[20:20:28] [INFO] Step screenshot saved: C:\Users\ASUS\Desktop\KiemThuPM\bin\Debug\net6.0\artifacts\selenium-steps\TC04_TimKiem_KeywordDai_20260425_202019\04_tc04_long_keyword_result.png&#xD;
[20:20:29] [INFO] [TC04 PASS] Keyword dài 200 ký tự xử lý bình thường. URL: https://vnexpress.net/&#xD;
</Text>
      </RunInfo>
      <RunInfo computerName="LAPTOP-OVJCF5S1" outcome="Warning" timestamp="2026-04-25T20:20:38.1710550+07:00">
        <Text>[20:20:30] [INFO] Test bắt đầu. FaultInjection=OFF&#xD;
[20:20:30] [INFO] Navigate: https://vnexpress.net&#xD;
[20:20:34] [INFO] Wait document ready: navigate to https://vnexpress.net&#xD;
[20:20:35] [INFO] Step screenshot saved: C:\Users\ASUS\Desktop\KiemThuPM\bin\Debug\net6.0\artifacts\selenium-steps\TC05_Filter_ChuyenMucThoiSu_20260425_202029\01_00_home_loaded.png&#xD;
[20:20:35] [INFO] TC05 - Filter chuyên mục Thời sự&#xD;
[20:20:35] [INFO] Validate selector exists [menu-thoi-su] =&gt; By.XPath: //a[contains(@href, 'thoi-su') and (contains(text(),'Thời sự') or contains(text(),'thời sự'))]&#xD;
[20:20:35] [INFO] Wait clickable [menu-thoi-su] =&gt; By.XPath: //a[contains(@href, 'thoi-su') and (contains(text(),'Thời sự') or contains(text(),'thời sự'))]&#xD;
[20:20:37] [INFO] Wait URL contains 'thoi-su' (TC05 click menu Thời sự)&#xD;
[20:20:37] [INFO] Wait document ready: TC05 page loaded&#xD;
[20:20:37] [INFO] Wait elements [thoi-su-articles] =&gt; By.CssSelector: article, .item-news, h3.title-news, minCount=1&#xD;
[20:20:37] [INFO] Wait first non-empty element from selector group: thoi-su-heading&#xD;
[20:20:37] [INFO] Step screenshot saved: C:\Users\ASUS\Desktop\KiemThuPM\bin\Debug\net6.0\artifacts\selenium-steps\TC05_Filter_ChuyenMucThoiSu_20260425_202029\02_tc05_thoi_su_loaded.png&#xD;
[20:20:37] [INFO] [TC05 PASS] Chuyên mục Thời sự hiển thị 110 bài. URL: https://vnexpress.net/thoi-su&#xD;
</Text>
      </RunInfo>
      <RunInfo computerName="LAPTOP-OVJCF5S1" outcome="Warning" timestamp="2026-04-25T20:20:46.8115583+07:00">
        <Text>[20:20:39] [INFO] Test bắt đầu. FaultInjection=OFF&#xD;
[20:20:39] [INFO] Navigate: https://vnexpress.net&#xD;
[20:20:43] [INFO] Wait document ready: navigate to https://vnexpress.net&#xD;
[20:20:43] [INFO] Step screenshot saved: C:\Users\ASUS\Desktop\KiemThuPM\bin\Debug\net6.0\artifacts\selenium-steps\TC06_Filter_ChuyenMucTheThao_20260425_202038\01_00_home_loaded.png&#xD;
[20:20:43] [INFO] TC06 - Filter chuyên mục Thể thao&#xD;
[20:20:43] [INFO] Validate selector exists [menu-the-thao] =&gt; By.XPath: //a[contains(@href, 'the-thao') and (contains(text(),'Thể thao') or contains(text(),'thể thao'))]&#xD;
[20:20:44] [INFO] Wait clickable [menu-the-thao] =&gt; By.XPath: //a[contains(@href, 'the-thao') and (contains(text(),'Thể thao') or contains(text(),'thể thao'))]&#xD;
[20:20:45] [INFO] Wait URL contains 'the-thao' (TC06 click menu Thể thao)&#xD;
[20:20:45] [INFO] Wait document ready: TC06 page loaded&#xD;
[20:20:45] [INFO] Wait elements [the-thao-articles] =&gt; By.CssSelector: article, .item-news, h3.title-news, minCount=1&#xD;
[20:20:45] [INFO] Wait first non-empty element from selector group: the-thao-heading&#xD;
[20:20:46] [INFO] Step screenshot saved: C:\Users\ASUS\Desktop\KiemThuPM\bin\Debug\net6.0\artifacts\selenium-steps\TC06_Filter_ChuyenMucTheThao_20260425_202038\02_tc06_the_thao_loaded.png&#xD;
[20:20:46] [INFO] [TC06 PASS] Chuyên mục Thể thao hiển thị 98 bài. URL: https://vnexpress.net/the-thao&#xD;
</Text>
      </RunInfo>
      <RunInfo computerName="LAPTOP-OVJCF5S1" outcome="Warning" timestamp="2026-04-25T20:21:18.1337424+07:00">
        <Text>[20:20:47] [INFO] Test bắt đầu. FaultInjection=OFF&#xD;
[20:20:47] [INFO] Navigate: https://vnexpress.net&#xD;
[20:20:52] [INFO] Wait document ready: navigate to https://vnexpress.net&#xD;
[20:20:52] [INFO] Step screenshot saved: C:\Users\ASUS\Desktop\KiemThuPM\bin\Debug\net6.0\artifacts\selenium-steps\TC07_DocBai_ChiTietBaiViet_20260425_202046\01_00_home_loaded.png&#xD;
[20:20:52] [INFO] TC07 - Click đọc bài chi tiết&#xD;
[20:20:52] [INFO] Validate selector exists [home-article-links] =&gt; By.CssSelector: h1.title-news a[href], h2.title-news a[href], h3.title-news a[href], article h2 a[href], article h3 a[href]&#xD;
[20:20:52] [INFO] Wait elements [home-article-links] =&gt; By.CssSelector: h1.title-news a[href], h2.title-news a[href], h3.title-news a[href], article h2 a[href], article h3 a[href], minCount=3&#xD;
[20:20:53] [INFO] Navigate: https://vnexpress.net&#xD;
[20:20:58] [INFO] Wait document ready: navigate to https://vnexpress.net&#xD;
[20:21:00] [INFO] Step screenshot saved: C:\Users\ASUS\Desktop\KiemThuPM\bin\Debug\net6.0\artifacts\selenium-steps\TC07_DocBai_ChiTietBaiViet_20260425_202046\02_tc07_back_home.png&#xD;
[20:21:00] [INFO] Đang thử click bài: Chuyên gia thám hiểm đu dây xuống hang động mới phát hiện&#xD;
[20:21:00] [INFO] Link bài viết: https://vnexpress.net/chuyen-gia-tham-hiem-du-day-xuong-hang-dong-moi-phat-hien-5067034.html&#xD;
[20:21:05] [INFO] Validate selector exists [article-title] =&gt; By.CssSelector: h1.title-detail, h1.heading-title, article h1, h1&#xD;
[20:21:13] [WARN] Timeout khi mở bài hiện tại, thử bài kế tiếp.&#xD;
[20:21:13] [INFO] Navigate: https://vnexpress.net&#xD;
[20:21:15] [INFO] Wait document ready: navigate to https://vnexpress.net&#xD;
[20:21:15] [INFO] Step screenshot saved: C:\Users\ASUS\Desktop\KiemThuPM\bin\Debug\net6.0\artifacts\selenium-steps\TC07_DocBai_ChiTietBaiViet_20260425_202046\03_tc07_back_home.png&#xD;
[20:21:15] [INFO] Đang thử click bài: Quê quán và định kiến vùng miền&#xD;
[20:21:15] [INFO] Link bài viết: https://vnexpress.net/que-quan-va-dinh-kien-vung-mien-5066899.html&#xD;
[20:21:17] [INFO] Validate selector exists [article-title] =&gt; By.CssSelector: h1.title-detail, h1.heading-title, article h1, h1&#xD;
[20:21:17] [INFO] Step screenshot saved: C:\Users\ASUS\Desktop\KiemThuPM\bin\Debug\net6.0\artifacts\selenium-steps\TC07_DocBai_ChiTietBaiViet_20260425_202046\04_tc07_article_detail_loaded.png&#xD;
[20:21:17] [INFO] [TC07 PASS] Mở bài thành công. Bài: Quê quán và định kiến vùng miền&#xD;
[20:21:17] [INFO] [TC07 PASS] Tiêu đề: Quê quán và định kiến vùng miền...&#xD;
</Text>
      </RunInfo>
      <RunInfo computerName="LAPTOP-OVJCF5S1" outcome="Warning" timestamp="2026-04-25T20:21:34.1036517+07:00">
        <Text>[20:21:19] [INFO] Test bắt đầu. FaultInjection=OFF&#xD;
[20:21:19] [INFO] Navigate: https://vnexpress.net&#xD;
[20:21:25] [INFO] Wait document ready: navigate to https://vnexpress.net&#xD;
[20:21:25] [INFO] Step screenshot saved: C:\Users\ASUS\Desktop\KiemThuPM\bin\Debug\net6.0\artifacts\selenium-steps\TC08_PhanTrang_TrangTiepTheo_20260425_202118\01_00_home_loaded.png&#xD;
[20:21:25] [INFO] TC08 - Kiểm tra phân trang&#xD;
[20:21:25] [INFO] Navigate: https://vnexpress.net/thoi-su&#xD;
[20:21:30] [INFO] Wait document ready: navigate to https://vnexpress.net/thoi-su&#xD;
[20:21:30] [INFO] Step screenshot saved: C:\Users\ASUS\Desktop\KiemThuPM\bin\Debug\net6.0\artifacts\selenium-steps\TC08_PhanTrang_TrangTiepTheo_20260425_202118\02_tc08_thoi_su_page1.png&#xD;
[20:21:30] [INFO] Validate selector exists [pagination-next] =&gt; By.CssSelector: a.next-page, li.next a, .pagination a[rel='next'], a[title='Trang kế']&#xD;
[20:21:30] [INFO] Wait clickable [pagination-next] =&gt; By.CssSelector: a.next-page, li.next a, .pagination a[rel='next'], a[title='Trang kế']&#xD;
[20:21:32] [INFO] Wait URL change (TC08 chuyển trang 2)&#xD;
[20:21:33] [INFO] Wait document ready: TC08 page2 loaded&#xD;
[20:21:33] [INFO] Wait elements [page2-articles] =&gt; By.CssSelector: article, .item-news, h3.title-news, minCount=1&#xD;
[20:21:33] [INFO] Step screenshot saved: C:\Users\ASUS\Desktop\KiemThuPM\bin\Debug\net6.0\artifacts\selenium-steps\TC08_PhanTrang_TrangTiepTheo_20260425_202118\03_tc08_page2_loaded.png&#xD;
[20:21:33] [INFO] [TC08 PASS] Phân trang hoạt động. URL trang 2: https://vnexpress.net/thoi-su-p2&#xD;
</Text>
      </RunInfo>
      <RunInfo computerName="LAPTOP-OVJCF5S1" outcome="Warning" timestamp="2026-04-25T20:21:44.8603606+07:00">
        <Text>[20:21:35] [INFO] Test bắt đầu. FaultInjection=OFF&#xD;
[20:21:35] [INFO] Navigate: https://vnexpress.net&#xD;
[20:21:40] [INFO] Wait document ready: navigate to https://vnexpress.net&#xD;
[20:21:41] [INFO] Step screenshot saved: C:\Users\ASUS\Desktop\KiemThuPM\bin\Debug\net6.0\artifacts\selenium-steps\TC09_TimKiem_KetQuaDungChuDe_20260425_202134\01_00_home_loaded.png&#xD;
[20:21:41] [INFO] TC09 - Kiểm tra tính liên quan kết quả tìm kiếm&#xD;
[20:21:41] [INFO] Mở search box cho keyword: COVID&#xD;
[20:21:41] [INFO] Validate selector exists [search-toggle] =&gt; By.CssSelector: a.btn-search, .ic-search, [data-role='search-toggle']&#xD;
[20:21:41] [INFO] Wait clickable [search-toggle] =&gt; By.CssSelector: a.btn-search, .ic-search, [data-role='search-toggle']&#xD;
[20:21:41] [INFO] Step screenshot saved: C:\Users\ASUS\Desktop\KiemThuPM\bin\Debug\net6.0\artifacts\selenium-steps\TC09_TimKiem_KetQuaDungChuDe_20260425_202134\02_search_box_opened.png&#xD;
[20:21:41] [INFO] Validate selector exists [search-input] =&gt; By.CssSelector: input[type='search'], input[name='q'], .search-input&#xD;
[20:21:42] [INFO] Wait visible [search-input] =&gt; By.CssSelector: input[type='search'], input[name='q'], .search-input&#xD;
[20:21:42] [INFO] Step screenshot saved: C:\Users\ASUS\Desktop\KiemThuPM\bin\Debug\net6.0\artifacts\selenium-steps\TC09_TimKiem_KetQuaDungChuDe_20260425_202134\03_tc09_keyword_typed.png&#xD;
[20:21:42] [INFO] Wait document ready: TC09 search submit&#xD;
[20:21:42] [INFO] Wait elements [search-result-links] =&gt; By.CssSelector: h3.title-news a, article h2 a, .item-news h3 a, minCount=1&#xD;
Screenshot saved: C:\Users\ASUS\Desktop\KiemThuPM\bin\Debug\net6.0\artifacts\selenium-failures\TC09_TimKiem_KetQuaDungChuDe_20260425_202144.png&#xD;
</Text>
      </RunInfo>
      <RunInfo computerName="LAPTOP-OVJCF5S1" outcome="Warning" timestamp="2026-04-25T20:21:55.2284235+07:00">
        <Text>[20:21:45] [INFO] Test bắt đầu. FaultInjection=OFF&#xD;
[20:21:45] [INFO] Navigate: https://vnexpress.net&#xD;
[20:21:50] [INFO] Wait document ready: navigate to https://vnexpress.net&#xD;
[20:21:50] [INFO] Step screenshot saved: C:\Users\ASUS\Desktop\KiemThuPM\bin\Debug\net6.0\artifacts\selenium-steps\TC10_TimKiem_KyTuDacBiet_20260425_202144\01_00_home_loaded.png&#xD;
[20:21:50] [INFO] TC10 - Kiểm tra tìm kiếm ký tự đặc biệt&#xD;
[20:21:50] [INFO] Mở search box cho keyword: &lt;script&gt;alert(1)&lt;/script&gt;&#xD;
[20:21:50] [INFO] Validate selector exists [search-toggle] =&gt; By.CssSelector: a.btn-search, .ic-search, [data-role='search-toggle']&#xD;
[20:21:50] [INFO] Wait clickable [search-toggle] =&gt; By.CssSelector: a.btn-search, .ic-search, [data-role='search-toggle']&#xD;
[20:21:51] [INFO] Step screenshot saved: C:\Users\ASUS\Desktop\KiemThuPM\bin\Debug\net6.0\artifacts\selenium-steps\TC10_TimKiem_KyTuDacBiet_20260425_202144\02_search_box_opened.png&#xD;
[20:21:51] [INFO] Validate selector exists [search-input] =&gt; By.CssSelector: input[type='search'], input[name='q'], .search-input&#xD;
[20:21:51] [INFO] Wait visible [search-input] =&gt; By.CssSelector: input[type='search'], input[name='q'], .search-input&#xD;
[20:21:51] [INFO] Step screenshot saved: C:\Users\ASUS\Desktop\KiemThuPM\bin\Debug\net6.0\artifacts\selenium-steps\TC10_TimKiem_KyTuDacBiet_20260425_202144\03_tc10_special_keyword_typed.png&#xD;
[20:21:52] [INFO] Wait document ready: TC10 special chars search submit&#xD;
[20:21:54] [INFO] Step screenshot saved: C:\Users\ASUS\Desktop\KiemThuPM\bin\Debug\net6.0\artifacts\selenium-steps\TC10_TimKiem_KyTuDacBiet_20260425_202144\04_tc10_special_keyword_result.png&#xD;
[20:21:54] [INFO] [TC10 PASS] Ký tự đặc biệt được xử lý an toàn. URL: https://vnexpress.net/&#xD;
</Text>
      </RunInfo>
    </RunInfos>
  </ResultSummary>
</TestRun>